e:\cplus\pubg-dma-stay\x64\release\vc143.pdb
e:\cplus\pubg-dma-stay\x64\release\dmarender.obj
e:\cplus\pubg-dma-stay\x64\release\process.obj
e:\cplus\pubg-dma-stay\x64\release\decrypt.obj
e:\cplus\pubg-dma-stay\x64\release\vectorhelper.obj
e:\cplus\pubg-dma-stay\x64\release\entitys.obj
e:\cplus\pubg-dma-stay\x64\release\main.obj
e:\cplus\pubg-dma-stay\x64\release\imgui_widgets.obj
e:\cplus\pubg-dma-stay\x64\release\imgui_tables.obj
e:\cplus\pubg-dma-stay\x64\release\imgui_stdlib.obj
e:\cplus\pubg-dma-stay\x64\release\imgui_impl_win32.obj
e:\cplus\pubg-dma-stay\x64\release\imgui_impl_dx12.obj
e:\cplus\pubg-dma-stay\x64\release\imgui_impl_dx11.obj
e:\cplus\pubg-dma-stay\x64\release\imgui_draw.obj
e:\cplus\pubg-dma-stay\x64\release\imgui_demo.obj
e:\cplus\pubg-dma-stay\x64\release\imgui.obj
e:\cplus\pubg-dma-stay\x64\release\shellcode.obj
e:\cplus\pubg-dma-stay\x64\release\registry.obj
e:\cplus\pubg-dma-stay\x64\release\memory.obj
e:\cplus\pubg-dma-stay\x64\release\inputmanager.obj
e:\cplus\pubg-dma-stay\x64\release\dmalibrary.obj
e:\cplus\pubg-dma-stay\x64\release\w3c.obj
e:\cplus\pubg-dma-stay\x64\release\vector.obj
e:\cplus\pubg-dma-stay\x64\release\transform.obj
e:\cplus\pubg-dma-stay\x64\release\rotator.obj
e:\cplus\pubg-dma-stay\x64\release\quat.obj
e:\cplus\pubg-dma-stay\x64\release\matrix.obj
e:\cplus\pubg-dma-stay\x64\release\timer.obj
e:\cplus\pubg-dma-stay\x64\release\throttler.obj
e:\cplus\pubg-dma-stay\x64\release\string.obj
e:\cplus\pubg-dma-stay\x64\release\kmboxnet.obj
e:\cplus\pubg-dma-stay\x64\release\mobox.obj
e:\cplus\pubg-dma-stay\x64\release\lurker.obj
e:\cplus\pubg-dma-stay\x64\release\kmbox.obj
e:\cplus\pubg-dma-stay\x64\release\texture.obj
e:\cplus\pubg-dma-stay\x64\release\overlay.obj
e:\cplus\pubg-dma-stay\x64\release\cjson.obj
e:\cplus\pubg-dma-stay\x64\geminipro\media.exe
e:\cplus\pubg-dma-stay\x64\release\media.ipdb
e:\cplus\pubg-dma-stay\x64\geminipro\media.pdb
e:\cplus\pubg-dma-stay\x64\release\media.iobj
e:\cplus\pubg-dma-stay\x64\geminipro\media.lib
e:\cplus\pubg-dma-stay\x64\geminipro\media.exp
e:\cplus\pubg-dma-stay\x64\release\media.tlog\cl.command.1.tlog
e:\cplus\pubg-dma-stay\x64\release\media.tlog\cl.items.tlog
e:\cplus\pubg-dma-stay\x64\release\media.tlog\cl.read.1.tlog
e:\cplus\pubg-dma-stay\x64\release\media.tlog\cl.write.1.tlog
e:\cplus\pubg-dma-stay\x64\release\media.tlog\link.command.1.tlog
e:\cplus\pubg-dma-stay\x64\release\media.tlog\link.read.1.tlog
e:\cplus\pubg-dma-stay\x64\release\media.tlog\link.write.1.tlog
e:\cplus\pubg-dma-stay\x64\release\media.tlog\link.write.2u.tlog
