c:\users\gkyn20230046\desktop\新建文件夹 (3)\pubg-dma-stay\x64\debug\dmalibrary.obj
c:\users\gkyn20230046\desktop\新建文件夹 (3)\pubg-dma-stay\x64\debug\dmarender.obj
c:\users\gkyn20230046\desktop\新建文件夹 (3)\pubg-dma-stay\x64\debug\imgui.obj
c:\users\gkyn20230046\desktop\新建文件夹 (3)\pubg-dma-stay\x64\debug\imgui_demo.obj
c:\users\gkyn20230046\desktop\新建文件夹 (3)\pubg-dma-stay\x64\debug\imgui_draw.obj
c:\users\gkyn20230046\desktop\新建文件夹 (3)\pubg-dma-stay\x64\debug\imgui_impl_dx11.obj
c:\users\gkyn20230046\desktop\新建文件夹 (3)\pubg-dma-stay\x64\debug\imgui_impl_dx12.obj
c:\users\gkyn20230046\desktop\新建文件夹 (3)\pubg-dma-stay\x64\debug\imgui_impl_win32.obj
c:\users\gkyn20230046\desktop\新建文件夹 (3)\pubg-dma-stay\x64\debug\imgui_stdlib.obj
c:\users\gkyn20230046\desktop\新建文件夹 (3)\pubg-dma-stay\x64\debug\imgui_tables.obj
c:\users\gkyn20230046\desktop\新建文件夹 (3)\pubg-dma-stay\x64\debug\imgui_widgets.obj
c:\users\gkyn20230046\desktop\新建文件夹 (3)\pubg-dma-stay\x64\debug\kmboxnet.obj
c:\users\gkyn20230046\desktop\新建文件夹 (3)\pubg-dma-stay\x64\debug\matrix.obj
c:\users\gkyn20230046\desktop\新建文件夹 (3)\pubg-dma-stay\x64\debug\quat.obj
c:\users\gkyn20230046\desktop\新建文件夹 (3)\pubg-dma-stay\x64\debug\rotator.obj
c:\users\gkyn20230046\desktop\新建文件夹 (3)\pubg-dma-stay\x64\debug\string.obj
c:\users\gkyn20230046\desktop\新建文件夹 (3)\pubg-dma-stay\x64\debug\texture.obj
c:\users\gkyn20230046\desktop\新建文件夹 (3)\pubg-dma-stay\x64\debug\throttler.obj
c:\users\gkyn20230046\desktop\新建文件夹 (3)\pubg-dma-stay\x64\debug\timer.obj
c:\users\gkyn20230046\desktop\新建文件夹 (3)\pubg-dma-stay\x64\debug\transform.obj
c:\users\gkyn20230046\desktop\新建文件夹 (3)\pubg-dma-stay\x64\debug\vector.obj
c:\users\gkyn20230046\desktop\新建文件夹 (3)\pubg-dma-stay\x64\debug\w3c.obj
c:\users\gkyn20230046\desktop\新建文件夹 (3)\pubg-dma-stay\x64\debug\vc143.idb
c:\users\gkyn20230046\desktop\新建文件夹 (3)\pubg-dma-stay\x64\debug\vc143.pdb
c:\users\gkyn20230046\desktop\新建文件夹 (3)\pubg-dma-stay\x64\debug\media.tlog\cl.command.1.tlog
