c:\users\administrator\desktop\media.vcxproj\media\x64\release\vc143.pdb
c:\users\administrator\desktop\media.vcxproj\media\x64\release\dmarender.obj
c:\users\administrator\desktop\media.vcxproj\media\x64\release\process.obj
c:\users\administrator\desktop\media.vcxproj\media\x64\release\decrypt.obj
c:\users\administrator\desktop\media.vcxproj\media\x64\release\vectorhelper.obj
c:\users\administrator\desktop\media.vcxproj\media\x64\release\entitys.obj
c:\users\administrator\desktop\media.vcxproj\media\x64\release\main.obj
c:\users\administrator\desktop\media.vcxproj\media\x64\release\imgui_widgets.obj
c:\users\administrator\desktop\media.vcxproj\media\x64\release\imgui_tables.obj
c:\users\administrator\desktop\media.vcxproj\media\x64\release\imgui_stdlib.obj
c:\users\administrator\desktop\media.vcxproj\media\x64\release\imgui_impl_win32.obj
c:\users\administrator\desktop\media.vcxproj\media\x64\release\imgui_impl_dx12.obj
c:\users\administrator\desktop\media.vcxproj\media\x64\release\imgui_impl_dx11.obj
c:\users\administrator\desktop\media.vcxproj\media\x64\release\imgui_draw.obj
c:\users\administrator\desktop\media.vcxproj\media\x64\release\imgui_demo.obj
c:\users\administrator\desktop\media.vcxproj\media\x64\release\imgui.obj
c:\users\administrator\desktop\media.vcxproj\media\x64\release\shellcode.obj
c:\users\administrator\desktop\media.vcxproj\media\x64\release\registry.obj
c:\users\administrator\desktop\media.vcxproj\media\x64\release\memory.obj
c:\users\administrator\desktop\media.vcxproj\media\x64\release\inputmanager.obj
c:\users\administrator\desktop\media.vcxproj\media\x64\release\dmalibrary.obj
c:\users\administrator\desktop\media.vcxproj\media\x64\release\w3c.obj
c:\users\administrator\desktop\media.vcxproj\media\x64\release\vector.obj
c:\users\administrator\desktop\media.vcxproj\media\x64\release\transform.obj
c:\users\administrator\desktop\media.vcxproj\media\x64\release\rotator.obj
c:\users\administrator\desktop\media.vcxproj\media\x64\release\quat.obj
c:\users\administrator\desktop\media.vcxproj\media\x64\release\matrix.obj
c:\users\administrator\desktop\media.vcxproj\media\x64\release\timer.obj
c:\users\administrator\desktop\media.vcxproj\media\x64\release\throttler.obj
c:\users\administrator\desktop\media.vcxproj\media\x64\release\string.obj
c:\users\administrator\desktop\media.vcxproj\media\x64\release\kmboxnet.obj
c:\users\administrator\desktop\media.vcxproj\media\x64\release\mobox.obj
c:\users\administrator\desktop\media.vcxproj\media\x64\release\lurker.obj
c:\users\administrator\desktop\media.vcxproj\media\x64\release\kmbox.obj
c:\users\administrator\desktop\media.vcxproj\media\x64\release\texture.obj
c:\users\administrator\desktop\media.vcxproj\media\x64\release\overlay.obj
c:\users\administrator\desktop\media.vcxproj\media\x64\release\cjson.obj
c:\users\administrator\desktop\media.vcxproj\x64\geminipro\media.exe
c:\users\administrator\desktop\media.vcxproj\x64\geminipro\media.pdb
c:\users\administrator\desktop\media.vcxproj\x64\geminipro\media.lib
c:\users\administrator\desktop\media.vcxproj\x64\geminipro\media.exp
c:\users\administrator\desktop\media.vcxproj\media\x64\release\media.ipdb
c:\users\administrator\desktop\media.vcxproj\media\x64\release\media.iobj
c:\users\administrator\desktop\media.vcxproj\media\x64\release\media.tlog\cl.command.1.tlog
c:\users\administrator\desktop\media.vcxproj\media\x64\release\media.tlog\cl.items.tlog
c:\users\administrator\desktop\media.vcxproj\media\x64\release\media.tlog\cl.read.1.tlog
c:\users\administrator\desktop\media.vcxproj\media\x64\release\media.tlog\cl.write.1.tlog
c:\users\administrator\desktop\media.vcxproj\media\x64\release\media.tlog\link.command.1.tlog
c:\users\administrator\desktop\media.vcxproj\media\x64\release\media.tlog\link.read.1.tlog
c:\users\administrator\desktop\media.vcxproj\media\x64\release\media.tlog\link.secondary.1.tlog
c:\users\administrator\desktop\media.vcxproj\media\x64\release\media.tlog\link.write.1.tlog
