  InputManager.cpp
F:\STAY8.19完美修复\Media.vcxproj\Include\DMALibrary\libs\leechcore.h(120,15): warning C4200: 使用了非标准扩展: 结构/联合中的零大小数组
F:\STAY8.19完美修复\Media.vcxproj\Include\DMALibrary\libs\leechcore.h(473,14): warning C4200: 使用了非标准扩展: 结构/联合中的零大小数组
F:\STAY8.19完美修复\Media.vcxproj\Include\DMALibrary\libs\leechcore.h(482,14): warning C4200: 使用了非标准扩展: 结构/联合中的零大小数组
F:\STAY8.19完美修复\Media.vcxproj\Include\DMALibrary\libs\vmmdll.h(392,39): warning C4200: 使用了非标准扩展: 结构/联合中的零大小数组
F:\STAY8.19完美修复\Media.vcxproj\Include\DMALibrary\libs\vmmdll.h(1454,29): warning C4200: 使用了非标准扩展: 结构/联合中的零大小数组
F:\STAY8.19完美修复\Media.vcxproj\Include\DMALibrary\libs\vmmdll.h(1464,29): warning C4200: 使用了非标准扩展: 结构/联合中的零大小数组
F:\STAY8.19完美修复\Media.vcxproj\Include\DMALibrary\libs\vmmdll.h(1471,31): warning C4200: 使用了非标准扩展: 结构/联合中的零大小数组
F:\STAY8.19完美修复\Media.vcxproj\Include\DMALibrary\libs\vmmdll.h(1480,32): warning C4200: 使用了非标准扩展: 结构/联合中的零大小数组
F:\STAY8.19完美修复\Media.vcxproj\Include\DMALibrary\libs\vmmdll.h(1489,40): warning C4200: 使用了非标准扩展: 结构/联合中的零大小数组
F:\STAY8.19完美修复\Media.vcxproj\Include\DMALibrary\libs\vmmdll.h(1505,29): warning C4200: 使用了非标准扩展: 结构/联合中的零大小数组
F:\STAY8.19完美修复\Media.vcxproj\Include\DMALibrary\libs\vmmdll.h(1515,29): warning C4200: 使用了非标准扩展: 结构/联合中的零大小数组
F:\STAY8.19完美修复\Media.vcxproj\Include\DMALibrary\libs\vmmdll.h(1524,30): warning C4200: 使用了非标准扩展: 结构/联合中的零大小数组
F:\STAY8.19完美修复\Media.vcxproj\Include\DMALibrary\libs\vmmdll.h(1532,35): warning C4200: 使用了非标准扩展: 结构/联合中的零大小数组
F:\STAY8.19完美修复\Media.vcxproj\Include\DMALibrary\libs\vmmdll.h(1539,32): warning C4200: 使用了非标准扩展: 结构/联合中的零大小数组
F:\STAY8.19完美修复\Media.vcxproj\Include\DMALibrary\libs\vmmdll.h(1548,32): warning C4200: 使用了非标准扩展: 结构/联合中的零大小数组
F:\STAY8.19完美修复\Media.vcxproj\Include\DMALibrary\libs\vmmdll.h(1559,30): warning C4200: 使用了非标准扩展: 结构/联合中的零大小数组
F:\STAY8.19完美修复\Media.vcxproj\Include\DMALibrary\libs\vmmdll.h(1568,29): warning C4200: 使用了非标准扩展: 结构/联合中的零大小数组
F:\STAY8.19完美修复\Media.vcxproj\Include\DMALibrary\libs\vmmdll.h(1576,33): warning C4200: 使用了非标准扩展: 结构/联合中的零大小数组
F:\STAY8.19完美修复\Media.vcxproj\Include\DMALibrary\libs\vmmdll.h(1585,30): warning C4200: 使用了非标准扩展: 结构/联合中的零大小数组
F:\STAY8.19完美修复\Media.vcxproj\Include\DMALibrary\libs\vmmdll.h(1594,28): warning C4200: 使用了非标准扩展: 结构/联合中的零大小数组
F:\STAY8.19完美修复\Media.vcxproj\Include\DMALibrary\libs\vmmdll.h(1603,33): warning C4200: 使用了非标准扩展: 结构/联合中的零大小数组
F:\STAY8.19完美修复\Media.vcxproj\Include\DMALibrary\libs\vmmdll.h(2138,29): warning C4200: 使用了非标准扩展: 结构/联合中的零大小数组
F:\STAY8.19完美修复\Media.vcxproj\Include\DMALibrary\Memory\Registry.h(25,2): error C4996: 'wcstombs': This function or variable may be unsafe. Consider using wcstombs_s instead. To disable deprecation, use _CRT_SECURE_NO_WARNINGS. See online help for details.
F:\STAY8.19完美修复\Media.vcxproj\Include\DMALibrary\Memory\InputManager.cpp(23,21): warning C4018: “<”: 有符号/无符号不匹配
F:\STAY8.19完美修复\Media.vcxproj\Include\DMALibrary\Memory\InputManager.cpp(75,22): warning C4018: “<”: 有符号/无符号不匹配
F:\STAY8.19完美修复\Media.vcxproj\Include\DMALibrary\Memory\InputManager.cpp(176,21): warning C4018: “<”: 有符号/无符号不匹配
  Memory.cpp
F:\STAY8.19完美修复\Media.vcxproj\Include\DMALibrary\libs\leechcore.h(120,15): warning C4200: 使用了非标准扩展: 结构/联合中的零大小数组
F:\STAY8.19完美修复\Media.vcxproj\Include\DMALibrary\libs\leechcore.h(473,14): warning C4200: 使用了非标准扩展: 结构/联合中的零大小数组
F:\STAY8.19完美修复\Media.vcxproj\Include\DMALibrary\libs\leechcore.h(482,14): warning C4200: 使用了非标准扩展: 结构/联合中的零大小数组
F:\STAY8.19完美修复\Media.vcxproj\Include\DMALibrary\libs\vmmdll.h(392,39): warning C4200: 使用了非标准扩展: 结构/联合中的零大小数组
F:\STAY8.19完美修复\Media.vcxproj\Include\DMALibrary\libs\vmmdll.h(1454,29): warning C4200: 使用了非标准扩展: 结构/联合中的零大小数组
F:\STAY8.19完美修复\Media.vcxproj\Include\DMALibrary\libs\vmmdll.h(1464,29): warning C4200: 使用了非标准扩展: 结构/联合中的零大小数组
F:\STAY8.19完美修复\Media.vcxproj\Include\DMALibrary\libs\vmmdll.h(1471,31): warning C4200: 使用了非标准扩展: 结构/联合中的零大小数组
F:\STAY8.19完美修复\Media.vcxproj\Include\DMALibrary\libs\vmmdll.h(1480,32): warning C4200: 使用了非标准扩展: 结构/联合中的零大小数组
F:\STAY8.19完美修复\Media.vcxproj\Include\DMALibrary\libs\vmmdll.h(1489,40): warning C4200: 使用了非标准扩展: 结构/联合中的零大小数组
F:\STAY8.19完美修复\Media.vcxproj\Include\DMALibrary\libs\vmmdll.h(1505,29): warning C4200: 使用了非标准扩展: 结构/联合中的零大小数组
F:\STAY8.19完美修复\Media.vcxproj\Include\DMALibrary\libs\vmmdll.h(1515,29): warning C4200: 使用了非标准扩展: 结构/联合中的零大小数组
F:\STAY8.19完美修复\Media.vcxproj\Include\DMALibrary\libs\vmmdll.h(1524,30): warning C4200: 使用了非标准扩展: 结构/联合中的零大小数组
F:\STAY8.19完美修复\Media.vcxproj\Include\DMALibrary\libs\vmmdll.h(1532,35): warning C4200: 使用了非标准扩展: 结构/联合中的零大小数组
F:\STAY8.19完美修复\Media.vcxproj\Include\DMALibrary\libs\vmmdll.h(1539,32): warning C4200: 使用了非标准扩展: 结构/联合中的零大小数组
F:\STAY8.19完美修复\Media.vcxproj\Include\DMALibrary\libs\vmmdll.h(1548,32): warning C4200: 使用了非标准扩展: 结构/联合中的零大小数组
F:\STAY8.19完美修复\Media.vcxproj\Include\DMALibrary\libs\vmmdll.h(1559,30): warning C4200: 使用了非标准扩展: 结构/联合中的零大小数组
F:\STAY8.19完美修复\Media.vcxproj\Include\DMALibrary\libs\vmmdll.h(1568,29): warning C4200: 使用了非标准扩展: 结构/联合中的零大小数组
F:\STAY8.19完美修复\Media.vcxproj\Include\DMALibrary\libs\vmmdll.h(1576,33): warning C4200: 使用了非标准扩展: 结构/联合中的零大小数组
F:\STAY8.19完美修复\Media.vcxproj\Include\DMALibrary\libs\vmmdll.h(1585,30): warning C4200: 使用了非标准扩展: 结构/联合中的零大小数组
F:\STAY8.19完美修复\Media.vcxproj\Include\DMALibrary\libs\vmmdll.h(1594,28): warning C4200: 使用了非标准扩展: 结构/联合中的零大小数组
F:\STAY8.19完美修复\Media.vcxproj\Include\DMALibrary\libs\vmmdll.h(1603,33): warning C4200: 使用了非标准扩展: 结构/联合中的零大小数组
F:\STAY8.19完美修复\Media.vcxproj\Include\DMALibrary\libs\vmmdll.h(2138,29): warning C4200: 使用了非标准扩展: 结构/联合中的零大小数组
F:\STAY8.19完美修复\Media.vcxproj\Include\DMALibrary\Memory\Registry.h(25,2): error C4996: 'wcstombs': This function or variable may be unsafe. Consider using wcstombs_s instead. To disable deprecation, use _CRT_SECURE_NO_WARNINGS. See online help for details.
F:\STAY8.19完美修复\Media.vcxproj\Source\Utils\Engine.h(1,1): warning C4819: 该文件包含不能在当前代码页(936)中表示的字符。请将该文件保存为 Unicode 格式以防止数据丢失
F:\STAY8.19完美修复\Media.vcxproj\Source\Utils\Engine.h(280,17): warning C4267: “=”: 从“size_t”转换到“int32_t”，可能丢失数据
F:\STAY8.19完美修复\Media.vcxproj\Source\Utils\Engine.h(482,8): warning C4099: “FString”: 类型名称以前使用“struct”现在使用的是“class”
F:\STAY8.19完美修复\Media.vcxproj\Source\Utils\Engine.h(483,8): warning C4099: “FString”: 类型名称以前使用“struct”现在使用的是“class”
F:\STAY8.19完美修复\Media.vcxproj\Source\Utils\Engine.h(488,8): warning C4099: “FString”: 类型名称以前使用“struct”现在使用的是“class”
F:\STAY8.19完美修复\Media.vcxproj\Source\Utils\Engine.h(489,8): warning C4099: “FString”: 类型名称以前使用“struct”现在使用的是“class”
F:\STAY8.19完美修复\Media.vcxproj\Source\Utils\Engine.h(490,8): warning C4099: “FString”: 类型名称以前使用“struct”现在使用的是“class”
F:\STAY8.19完美修复\Media.vcxproj\Source\Utils\Engine.h(491,8): warning C4099: “FString”: 类型名称以前使用“struct”现在使用的是“class”
F:\STAY8.19完美修复\Media.vcxproj\Source\Utils\Engine.h(492,8): warning C4099: “FString”: 类型名称以前使用“struct”现在使用的是“class”
F:\STAY8.19完美修复\Media.vcxproj\Source\Utils\Engine.h(493,8): warning C4099: “FString”: 类型名称以前使用“struct”现在使用的是“class”
F:\STAY8.19完美修复\Media.vcxproj\Source\Hack\Decrypt.h(1,1): warning C4819: 该文件包含不能在当前代码页(936)中表示的字符。请将该文件保存为 Unicode 格式以防止数据丢失
F:\STAY8.19完美修复\Media.vcxproj\Include\DMALibrary\Memory\Memory.cpp(90,7): warning C4101: “result”: 未引用的局部变量
F:\STAY8.19完美修复\Media.vcxproj\Include\DMALibrary\Memory\Memory.cpp(441,20): warning C4018: “<”: 有符号/无符号不匹配
F:\STAY8.19完美修复\Media.vcxproj\Include\DMALibrary\Memory\Memory.cpp(477,20): warning C4018: “<”: 有符号/无符号不匹配
F:\STAY8.19完美修复\Media.vcxproj\Include\DMALibrary\Memory\Memory.cpp(551,106): warning C4267: “参数”: 从“size_t”转换到“DWORD”，可能丢失数据
F:\STAY8.19完美修复\Media.vcxproj\Include\DMALibrary\Memory\Memory.cpp(619,30): warning C4267: “参数”: 从“size_t”转换到“DWORD”，可能丢失数据
F:\STAY8.19完美修复\Media.vcxproj\Include\DMALibrary\Memory\Memory.cpp(702,60): warning C4834: 放弃具有 [[nodiscard]] 属性的函数的返回值
F:\STAY8.19完美修复\Media.vcxproj\Include\DMALibrary\Memory\Memory.cpp(746,83): warning C4267: “参数”: 从“size_t”转换到“DWORD”，可能丢失数据
F:\STAY8.19完美修复\Media.vcxproj\Include\DMALibrary\Memory\Memory.cpp(832,33): warning C4267: “初始化”: 从“size_t”转换到“int”，可能丢失数据
F:\STAY8.19完美修复\Media.vcxproj\Include\DMALibrary\Memory\Memory.cpp(832,19): warning C4267: “初始化”: 从“size_t”转换到“const int”，可能丢失数据
F:\STAY8.19完美修复\Media.vcxproj\Include\DMALibrary\Memory\Memory.cpp(859,89): warning C4267: “参数”: 从“size_t”转换到“DWORD”，可能丢失数据
F:\STAY8.19完美修复\Media.vcxproj\Include\DMALibrary\Memory\Memory.cpp(869,67): warning C4267: “参数”: 从“size_t”转换到“DWORD”，可能丢失数据
F:\STAY8.19完美修复\Media.vcxproj\Include\DMALibrary\Memory\Memory.cpp(921,49): warning C4267: “参数”: 从“size_t”转换到“DWORD”，可能丢失数据
F:\STAY8.19完美修复\Media.vcxproj\Include\DMALibrary\Memory\Memory.cpp(929,67): warning C4267: “参数”: 从“size_t”转换到“DWORD”，可能丢失数据
  Registry.cpp
F:\STAY8.19完美修复\Media.vcxproj\Include\DMALibrary\libs\leechcore.h(120,15): warning C4200: 使用了非标准扩展: 结构/联合中的零大小数组
F:\STAY8.19完美修复\Media.vcxproj\Include\DMALibrary\libs\leechcore.h(473,14): warning C4200: 使用了非标准扩展: 结构/联合中的零大小数组
F:\STAY8.19完美修复\Media.vcxproj\Include\DMALibrary\libs\leechcore.h(482,14): warning C4200: 使用了非标准扩展: 结构/联合中的零大小数组
F:\STAY8.19完美修复\Media.vcxproj\Include\DMALibrary\libs\vmmdll.h(392,39): warning C4200: 使用了非标准扩展: 结构/联合中的零大小数组
F:\STAY8.19完美修复\Media.vcxproj\Include\DMALibrary\libs\vmmdll.h(1454,29): warning C4200: 使用了非标准扩展: 结构/联合中的零大小数组
F:\STAY8.19完美修复\Media.vcxproj\Include\DMALibrary\libs\vmmdll.h(1464,29): warning C4200: 使用了非标准扩展: 结构/联合中的零大小数组
F:\STAY8.19完美修复\Media.vcxproj\Include\DMALibrary\libs\vmmdll.h(1471,31): warning C4200: 使用了非标准扩展: 结构/联合中的零大小数组
F:\STAY8.19完美修复\Media.vcxproj\Include\DMALibrary\libs\vmmdll.h(1480,32): warning C4200: 使用了非标准扩展: 结构/联合中的零大小数组
F:\STAY8.19完美修复\Media.vcxproj\Include\DMALibrary\libs\vmmdll.h(1489,40): warning C4200: 使用了非标准扩展: 结构/联合中的零大小数组
F:\STAY8.19完美修复\Media.vcxproj\Include\DMALibrary\libs\vmmdll.h(1505,29): warning C4200: 使用了非标准扩展: 结构/联合中的零大小数组
F:\STAY8.19完美修复\Media.vcxproj\Include\DMALibrary\libs\vmmdll.h(1515,29): warning C4200: 使用了非标准扩展: 结构/联合中的零大小数组
F:\STAY8.19完美修复\Media.vcxproj\Include\DMALibrary\libs\vmmdll.h(1524,30): warning C4200: 使用了非标准扩展: 结构/联合中的零大小数组
F:\STAY8.19完美修复\Media.vcxproj\Include\DMALibrary\libs\vmmdll.h(1532,35): warning C4200: 使用了非标准扩展: 结构/联合中的零大小数组
F:\STAY8.19完美修复\Media.vcxproj\Include\DMALibrary\libs\vmmdll.h(1539,32): warning C4200: 使用了非标准扩展: 结构/联合中的零大小数组
F:\STAY8.19完美修复\Media.vcxproj\Include\DMALibrary\libs\vmmdll.h(1548,32): warning C4200: 使用了非标准扩展: 结构/联合中的零大小数组
F:\STAY8.19完美修复\Media.vcxproj\Include\DMALibrary\libs\vmmdll.h(1559,30): warning C4200: 使用了非标准扩展: 结构/联合中的零大小数组
F:\STAY8.19完美修复\Media.vcxproj\Include\DMALibrary\libs\vmmdll.h(1568,29): warning C4200: 使用了非标准扩展: 结构/联合中的零大小数组
F:\STAY8.19完美修复\Media.vcxproj\Include\DMALibrary\libs\vmmdll.h(1576,33): warning C4200: 使用了非标准扩展: 结构/联合中的零大小数组
F:\STAY8.19完美修复\Media.vcxproj\Include\DMALibrary\libs\vmmdll.h(1585,30): warning C4200: 使用了非标准扩展: 结构/联合中的零大小数组
F:\STAY8.19完美修复\Media.vcxproj\Include\DMALibrary\libs\vmmdll.h(1594,28): warning C4200: 使用了非标准扩展: 结构/联合中的零大小数组
F:\STAY8.19完美修复\Media.vcxproj\Include\DMALibrary\libs\vmmdll.h(1603,33): warning C4200: 使用了非标准扩展: 结构/联合中的零大小数组
F:\STAY8.19完美修复\Media.vcxproj\Include\DMALibrary\libs\vmmdll.h(2138,29): warning C4200: 使用了非标准扩展: 结构/联合中的零大小数组
F:\STAY8.19完美修复\Media.vcxproj\Include\DMALibrary\Memory\Registry.h(25,2): error C4996: 'wcstombs': This function or variable may be unsafe. Consider using wcstombs_s instead. To disable deprecation, use _CRT_SECURE_NO_WARNINGS. See online help for details.
C:\Program Files\Microsoft Visual Studio\2022\Community\VC\Tools\MSVC\14.40.33807\include\xutility(4672,18): warning C4244: “=”: 从“wchar_t”转换到“char”，可能丢失数据
  Shellcode.cpp
F:\STAY8.19完美修复\Media.vcxproj\Include\DMALibrary\libs\leechcore.h(120,15): warning C4200: 使用了非标准扩展: 结构/联合中的零大小数组
F:\STAY8.19完美修复\Media.vcxproj\Include\DMALibrary\libs\leechcore.h(473,14): warning C4200: 使用了非标准扩展: 结构/联合中的零大小数组
F:\STAY8.19完美修复\Media.vcxproj\Include\DMALibrary\libs\leechcore.h(482,14): warning C4200: 使用了非标准扩展: 结构/联合中的零大小数组
F:\STAY8.19完美修复\Media.vcxproj\Include\DMALibrary\libs\vmmdll.h(392,39): warning C4200: 使用了非标准扩展: 结构/联合中的零大小数组
F:\STAY8.19完美修复\Media.vcxproj\Include\DMALibrary\libs\vmmdll.h(1454,29): warning C4200: 使用了非标准扩展: 结构/联合中的零大小数组
F:\STAY8.19完美修复\Media.vcxproj\Include\DMALibrary\libs\vmmdll.h(1464,29): warning C4200: 使用了非标准扩展: 结构/联合中的零大小数组
F:\STAY8.19完美修复\Media.vcxproj\Include\DMALibrary\libs\vmmdll.h(1471,31): warning C4200: 使用了非标准扩展: 结构/联合中的零大小数组
F:\STAY8.19完美修复\Media.vcxproj\Include\DMALibrary\libs\vmmdll.h(1480,32): warning C4200: 使用了非标准扩展: 结构/联合中的零大小数组
F:\STAY8.19完美修复\Media.vcxproj\Include\DMALibrary\libs\vmmdll.h(1489,40): warning C4200: 使用了非标准扩展: 结构/联合中的零大小数组
F:\STAY8.19完美修复\Media.vcxproj\Include\DMALibrary\libs\vmmdll.h(1505,29): warning C4200: 使用了非标准扩展: 结构/联合中的零大小数组
F:\STAY8.19完美修复\Media.vcxproj\Include\DMALibrary\libs\vmmdll.h(1515,29): warning C4200: 使用了非标准扩展: 结构/联合中的零大小数组
F:\STAY8.19完美修复\Media.vcxproj\Include\DMALibrary\libs\vmmdll.h(1524,30): warning C4200: 使用了非标准扩展: 结构/联合中的零大小数组
F:\STAY8.19完美修复\Media.vcxproj\Include\DMALibrary\libs\vmmdll.h(1532,35): warning C4200: 使用了非标准扩展: 结构/联合中的零大小数组
F:\STAY8.19完美修复\Media.vcxproj\Include\DMALibrary\libs\vmmdll.h(1539,32): warning C4200: 使用了非标准扩展: 结构/联合中的零大小数组
F:\STAY8.19完美修复\Media.vcxproj\Include\DMALibrary\libs\vmmdll.h(1548,32): warning C4200: 使用了非标准扩展: 结构/联合中的零大小数组
F:\STAY8.19完美修复\Media.vcxproj\Include\DMALibrary\libs\vmmdll.h(1559,30): warning C4200: 使用了非标准扩展: 结构/联合中的零大小数组
F:\STAY8.19完美修复\Media.vcxproj\Include\DMALibrary\libs\vmmdll.h(1568,29): warning C4200: 使用了非标准扩展: 结构/联合中的零大小数组
F:\STAY8.19完美修复\Media.vcxproj\Include\DMALibrary\libs\vmmdll.h(1576,33): warning C4200: 使用了非标准扩展: 结构/联合中的零大小数组
F:\STAY8.19完美修复\Media.vcxproj\Include\DMALibrary\libs\vmmdll.h(1585,30): warning C4200: 使用了非标准扩展: 结构/联合中的零大小数组
F:\STAY8.19完美修复\Media.vcxproj\Include\DMALibrary\libs\vmmdll.h(1594,28): warning C4200: 使用了非标准扩展: 结构/联合中的零大小数组
F:\STAY8.19完美修复\Media.vcxproj\Include\DMALibrary\libs\vmmdll.h(1603,33): warning C4200: 使用了非标准扩展: 结构/联合中的零大小数组
F:\STAY8.19完美修复\Media.vcxproj\Include\DMALibrary\libs\vmmdll.h(2138,29): warning C4200: 使用了非标准扩展: 结构/联合中的零大小数组
F:\STAY8.19完美修复\Media.vcxproj\Include\DMALibrary\Memory\Registry.h(25,2): error C4996: 'wcstombs': This function or variable may be unsafe. Consider using wcstombs_s instead. To disable deprecation, use _CRT_SECURE_NO_WARNINGS. See online help for details.
F:\STAY8.19完美修复\Media.vcxproj\Include\DMALibrary\Memory\Shellcode.cpp(23,68): warning C4834: 放弃具有 [[nodiscard]] 属性的函数的返回值
F:\STAY8.19完美修复\Media.vcxproj\Include\DMALibrary\Memory\Shellcode.cpp(35,20): warning C4018: “<”: 有符号/无符号不匹配
F:\STAY8.19完美修复\Media.vcxproj\Include\DMALibrary\Memory\Shellcode.cpp(46,64): warning C4834: 放弃具有 [[nodiscard]] 属性的函数的返回值
F:\STAY8.19完美修复\Media.vcxproj\Include\DMALibrary\Memory\Shellcode.cpp(50,54): warning C4267: “初始化”: 从“size_t”转换到“uint8_t”，可能丢失数据
F:\STAY8.19完美修复\Media.vcxproj\Include\DMALibrary\Memory\Shellcode.cpp(51,40): warning C4267: “参数”: 从“size_t”转换到“DWORD”，可能丢失数据
F:\STAY8.19完美修复\Media.vcxproj\Include\DMALibrary\Memory\Shellcode.cpp(53,61): warning C4834: 放弃具有 [[nodiscard]] 属性的函数的返回值
  imgui.cpp
  imgui_demo.cpp
  imgui_draw.cpp
  imgui_impl_dx11.cpp
C:\Program Files (x86)\Microsoft DirectX SDK (June 2010)\Include\dxgitype.h(12,9): warning C4005: “DXGI_STATUS_OCCLUDED”: 宏重定义
C:\Program Files (x86)\Microsoft DirectX SDK (June 2010)\Include\dxgitype.h(13,9): warning C4005: “DXGI_STATUS_CLIPPED”: 宏重定义
C:\Program Files (x86)\Microsoft DirectX SDK (June 2010)\Include\dxgitype.h(14,9): warning C4005: “DXGI_STATUS_NO_REDIRECTION”: 宏重定义
C:\Program Files (x86)\Microsoft DirectX SDK (June 2010)\Include\dxgitype.h(15,9): warning C4005: “DXGI_STATUS_NO_DESKTOP_ACCESS”: 宏重定义
C:\Program Files (x86)\Microsoft DirectX SDK (June 2010)\Include\dxgitype.h(16,9): warning C4005: “DXGI_STATUS_GRAPHICS_VIDPN_SOURCE_IN_USE”: 宏重定义
C:\Program Files (x86)\Microsoft DirectX SDK (June 2010)\Include\dxgitype.h(17,9): warning C4005: “DXGI_STATUS_MODE_CHANGED”: 宏重定义
C:\Program Files (x86)\Microsoft DirectX SDK (June 2010)\Include\dxgitype.h(18,9): warning C4005: “DXGI_STATUS_MODE_CHANGE_IN_PROGRESS”: 宏重定义
C:\Program Files (x86)\Microsoft DirectX SDK (June 2010)\Include\dxgitype.h(21,9): warning C4005: “DXGI_ERROR_INVALID_CALL”: 宏重定义
C:\Program Files (x86)\Microsoft DirectX SDK (June 2010)\Include\dxgitype.h(22,9): warning C4005: “DXGI_ERROR_NOT_FOUND”: 宏重定义
C:\Program Files (x86)\Microsoft DirectX SDK (June 2010)\Include\dxgitype.h(23,9): warning C4005: “DXGI_ERROR_MORE_DATA”: 宏重定义
C:\Program Files (x86)\Microsoft DirectX SDK (June 2010)\Include\dxgitype.h(24,9): warning C4005: “DXGI_ERROR_UNSUPPORTED”: 宏重定义
C:\Program Files (x86)\Microsoft DirectX SDK (June 2010)\Include\dxgitype.h(25,9): warning C4005: “DXGI_ERROR_DEVICE_REMOVED”: 宏重定义
C:\Program Files (x86)\Microsoft DirectX SDK (June 2010)\Include\dxgitype.h(26,9): warning C4005: “DXGI_ERROR_DEVICE_HUNG”: 宏重定义
C:\Program Files (x86)\Microsoft DirectX SDK (June 2010)\Include\dxgitype.h(27,9): warning C4005: “DXGI_ERROR_DEVICE_RESET”: 宏重定义
C:\Program Files (x86)\Microsoft DirectX SDK (June 2010)\Include\dxgitype.h(28,9): warning C4005: “DXGI_ERROR_WAS_STILL_DRAWING”: 宏重定义
C:\Program Files (x86)\Microsoft DirectX SDK (June 2010)\Include\dxgitype.h(29,9): warning C4005: “DXGI_ERROR_FRAME_STATISTICS_DISJOINT”: 宏重定义
C:\Program Files (x86)\Microsoft DirectX SDK (June 2010)\Include\dxgitype.h(30,9): warning C4005: “DXGI_ERROR_GRAPHICS_VIDPN_SOURCE_IN_USE”: 宏重定义
C:\Program Files (x86)\Microsoft DirectX SDK (June 2010)\Include\dxgitype.h(31,9): warning C4005: “DXGI_ERROR_DRIVER_INTERNAL_ERROR”: 宏重定义
C:\Program Files (x86)\Microsoft DirectX SDK (June 2010)\Include\dxgitype.h(32,9): warning C4005: “DXGI_ERROR_NONEXCLUSIVE”: 宏重定义
C:\Program Files (x86)\Microsoft DirectX SDK (June 2010)\Include\dxgitype.h(33,9): warning C4005: “DXGI_ERROR_NOT_CURRENTLY_AVAILABLE”: 宏重定义
C:\Program Files (x86)\Microsoft DirectX SDK (June 2010)\Include\dxgitype.h(34,9): warning C4005: “DXGI_ERROR_REMOTE_CLIENT_DISCONNECTED”: 宏重定义
C:\Program Files (x86)\Microsoft DirectX SDK (June 2010)\Include\dxgitype.h(35,9): warning C4005: “DXGI_ERROR_REMOTE_OUTOFMEMORY”: 宏重定义
C:\Program Files (x86)\Microsoft DirectX SDK (June 2010)\Include\d3d11.h(917,9): warning C4005: “D3D11_ERROR_TOO_MANY_UNIQUE_STATE_OBJECTS”: 宏重定义
C:\Program Files (x86)\Microsoft DirectX SDK (June 2010)\Include\d3d11.h(918,9): warning C4005: “D3D11_ERROR_FILE_NOT_FOUND”: 宏重定义
C:\Program Files (x86)\Microsoft DirectX SDK (June 2010)\Include\d3d11.h(919,9): warning C4005: “D3D11_ERROR_TOO_MANY_UNIQUE_VIEW_OBJECTS”: 宏重定义
C:\Program Files (x86)\Microsoft DirectX SDK (June 2010)\Include\d3d11.h(920,9): warning C4005: “D3D11_ERROR_DEFERRED_CONTEXT_MAP_WITHOUT_INITIAL_DISCARD”: 宏重定义
C:\Program Files (x86)\Microsoft DirectX SDK (June 2010)\Include\d3d10.h(608,9): warning C4005: “D3D10_ERROR_TOO_MANY_UNIQUE_STATE_OBJECTS”: 宏重定义
C:\Program Files (x86)\Microsoft DirectX SDK (June 2010)\Include\d3d10.h(609,9): warning C4005: “D3D10_ERROR_FILE_NOT_FOUND”: 宏重定义
  imgui_impl_dx12.cpp
  imgui_impl_win32.cpp
  imgui_stdlib.cpp
  imgui_tables.cpp
  imgui_widgets.cpp
F:\STAY8.19完美修复\Media.vcxproj\Include\imgui\imgui_widgets.cpp(644,139): warning C4244: “参数”: 从“float”转换到“int”，可能丢失数据
F:\STAY8.19完美修复\Media.vcxproj\Include\imgui\imgui_widgets.cpp(2380,121): warning C4244: “参数”: 从“float”转换到“int”，可能丢失数据
F:\STAY8.19完美修复\Media.vcxproj\Include\imgui\imgui_widgets.cpp(3928,167): warning C4244: “参数”: 从“float”转换到“int”，可能丢失数据
F:\STAY8.19完美修复\Media.vcxproj\Include\imgui\imgui_widgets.cpp(3928,110): warning C4244: “参数”: 从“double”转换到“float”，可能丢失数据
F:\STAY8.19完美修复\Media.vcxproj\Include\imgui\imgui_widgets.cpp(8098,153): warning C4244: “参数”: 从“float”转换到“int”，可能丢失数据
F:\STAY8.19完美修复\Media.vcxproj\Include\imgui\imgui_widgets.cpp(8223,144): warning C4244: “参数”: 从“float”转换到“ImDrawFlags”，可能丢失数据
  Main.cpp
F:\STAY8.19完美修复\Media.vcxproj\Source\Utils\Engine.h(1,1): warning C4819: 该文件包含不能在当前代码页(936)中表示的字符。请将该文件保存为 Unicode 格式以防止数据丢失
F:\STAY8.19完美修复\Media.vcxproj\Include\DMALibrary\libs\leechcore.h(120,15): warning C4200: 使用了非标准扩展: 结构/联合中的零大小数组
F:\STAY8.19完美修复\Media.vcxproj\Include\DMALibrary\libs\leechcore.h(473,14): warning C4200: 使用了非标准扩展: 结构/联合中的零大小数组
F:\STAY8.19完美修复\Media.vcxproj\Include\DMALibrary\libs\leechcore.h(482,14): warning C4200: 使用了非标准扩展: 结构/联合中的零大小数组
F:\STAY8.19完美修复\Media.vcxproj\Include\DMALibrary\libs\vmmdll.h(392,39): warning C4200: 使用了非标准扩展: 结构/联合中的零大小数组
F:\STAY8.19完美修复\Media.vcxproj\Include\DMALibrary\libs\vmmdll.h(1454,29): warning C4200: 使用了非标准扩展: 结构/联合中的零大小数组
F:\STAY8.19完美修复\Media.vcxproj\Include\DMALibrary\libs\vmmdll.h(1464,29): warning C4200: 使用了非标准扩展: 结构/联合中的零大小数组
F:\STAY8.19完美修复\Media.vcxproj\Include\DMALibrary\libs\vmmdll.h(1471,31): warning C4200: 使用了非标准扩展: 结构/联合中的零大小数组
F:\STAY8.19完美修复\Media.vcxproj\Include\DMALibrary\libs\vmmdll.h(1480,32): warning C4200: 使用了非标准扩展: 结构/联合中的零大小数组
F:\STAY8.19完美修复\Media.vcxproj\Include\DMALibrary\libs\vmmdll.h(1489,40): warning C4200: 使用了非标准扩展: 结构/联合中的零大小数组
F:\STAY8.19完美修复\Media.vcxproj\Include\DMALibrary\libs\vmmdll.h(1505,29): warning C4200: 使用了非标准扩展: 结构/联合中的零大小数组
F:\STAY8.19完美修复\Media.vcxproj\Include\DMALibrary\libs\vmmdll.h(1515,29): warning C4200: 使用了非标准扩展: 结构/联合中的零大小数组
F:\STAY8.19完美修复\Media.vcxproj\Include\DMALibrary\libs\vmmdll.h(1524,30): warning C4200: 使用了非标准扩展: 结构/联合中的零大小数组
F:\STAY8.19完美修复\Media.vcxproj\Include\DMALibrary\libs\vmmdll.h(1532,35): warning C4200: 使用了非标准扩展: 结构/联合中的零大小数组
F:\STAY8.19完美修复\Media.vcxproj\Include\DMALibrary\libs\vmmdll.h(1539,32): warning C4200: 使用了非标准扩展: 结构/联合中的零大小数组
F:\STAY8.19完美修复\Media.vcxproj\Include\DMALibrary\libs\vmmdll.h(1548,32): warning C4200: 使用了非标准扩展: 结构/联合中的零大小数组
F:\STAY8.19完美修复\Media.vcxproj\Include\DMALibrary\libs\vmmdll.h(1559,30): warning C4200: 使用了非标准扩展: 结构/联合中的零大小数组
F:\STAY8.19完美修复\Media.vcxproj\Include\DMALibrary\libs\vmmdll.h(1568,29): warning C4200: 使用了非标准扩展: 结构/联合中的零大小数组
F:\STAY8.19完美修复\Media.vcxproj\Include\DMALibrary\libs\vmmdll.h(1576,33): warning C4200: 使用了非标准扩展: 结构/联合中的零大小数组
F:\STAY8.19完美修复\Media.vcxproj\Include\DMALibrary\libs\vmmdll.h(1585,30): warning C4200: 使用了非标准扩展: 结构/联合中的零大小数组
F:\STAY8.19完美修复\Media.vcxproj\Include\DMALibrary\libs\vmmdll.h(1594,28): warning C4200: 使用了非标准扩展: 结构/联合中的零大小数组
F:\STAY8.19完美修复\Media.vcxproj\Include\DMALibrary\libs\vmmdll.h(1603,33): warning C4200: 使用了非标准扩展: 结构/联合中的零大小数组
F:\STAY8.19完美修复\Media.vcxproj\Include\DMALibrary\libs\vmmdll.h(2138,29): warning C4200: 使用了非标准扩展: 结构/联合中的零大小数组
F:\STAY8.19完美修复\Media.vcxproj\Include\DMALibrary\Memory\Registry.h(25,2): error C4996: 'wcstombs': This function or variable may be unsafe. Consider using wcstombs_s instead. To disable deprecation, use _CRT_SECURE_NO_WARNINGS. See online help for details.
F:\STAY8.19完美修复\Media.vcxproj\Source\Utils\Engine.h(280,17): warning C4267: “=”: 从“size_t”转换到“int32_t”，可能丢失数据
F:\STAY8.19完美修复\Media.vcxproj\Source\Utils\Engine.h(482,8): warning C4099: “FString”: 类型名称以前使用“struct”现在使用的是“class”
F:\STAY8.19完美修复\Media.vcxproj\Source\Utils\Engine.h(483,8): warning C4099: “FString”: 类型名称以前使用“struct”现在使用的是“class”
F:\STAY8.19完美修复\Media.vcxproj\Source\Utils\Engine.h(488,8): warning C4099: “FString”: 类型名称以前使用“struct”现在使用的是“class”
F:\STAY8.19完美修复\Media.vcxproj\Source\Utils\Engine.h(489,8): warning C4099: “FString”: 类型名称以前使用“struct”现在使用的是“class”
F:\STAY8.19完美修复\Media.vcxproj\Source\Utils\Engine.h(490,8): warning C4099: “FString”: 类型名称以前使用“struct”现在使用的是“class”
F:\STAY8.19完美修复\Media.vcxproj\Source\Utils\Engine.h(491,8): warning C4099: “FString”: 类型名称以前使用“struct”现在使用的是“class”
F:\STAY8.19完美修复\Media.vcxproj\Source\Utils\Engine.h(492,8): warning C4099: “FString”: 类型名称以前使用“struct”现在使用的是“class”
F:\STAY8.19完美修复\Media.vcxproj\Source\Utils\Engine.h(493,8): warning C4099: “FString”: 类型名称以前使用“struct”现在使用的是“class”
F:\STAY8.19完美修复\Media.vcxproj\Source\Utils\NetConfig\kmboxNet.h(1,1): warning C4819: 该文件包含不能在当前代码页(936)中表示的字符。请将该文件保存为 Unicode 格式以防止数据丢失
F:\STAY8.19完美修复\Media.vcxproj\Source\Utils\NetConfig\HidTable.h(121,9): warning C4005: “KEY_EXECUTE”: 宏重定义
F:\STAY8.19完美修复\Media.vcxproj\Source\Hack\Players.h(1,1): warning C4819: 该文件包含不能在当前代码页(936)中表示的字符。请将该文件保存为 Unicode 格式以防止数据丢失
F:\STAY8.19完美修复\Media.vcxproj\Source\Hack\Decrypt.h(1,1): warning C4819: 该文件包含不能在当前代码页(936)中表示的字符。请将该文件保存为 Unicode 格式以防止数据丢失
F:\STAY8.19完美修复\Media.vcxproj\Source\Hack\Players.h(601,1): warning C4819: 该文件包含不能在当前代码页(936)中表示的字符。请将该文件保存为 Unicode 格式以防止数据丢失
F:\STAY8.19完美修复\Media.vcxproj\Source\Hack\Players.h(295,70): warning C4838: 从“unsigned __int64”转换到“uint32_t”需要收缩转换
F:\STAY8.19完美修复\Media.vcxproj\Source\Hack\Players.h(295,70): warning C4244: “初始化”: 从“unsigned __int64”转换到“uint32_t”，可能丢失数据
F:\STAY8.19完美修复\Media.vcxproj\Source\Hack\Players.h(295,114): warning C4838: 从“unsigned __int64”转换到“uint32_t”需要收缩转换
F:\STAY8.19完美修复\Media.vcxproj\Source\Hack\Players.h(295,114): warning C4244: “初始化”: 从“unsigned __int64”转换到“uint32_t”，可能丢失数据
F:\STAY8.19完美修复\Media.vcxproj\Source\Hack\Players.h(295,158): warning C4838: 从“unsigned __int64”转换到“uint32_t”需要收缩转换
F:\STAY8.19完美修复\Media.vcxproj\Source\Hack\Players.h(295,158): warning C4244: “初始化”: 从“unsigned __int64”转换到“uint32_t”，可能丢失数据
F:\STAY8.19完美修复\Media.vcxproj\Source\Hack\Players.h(295,202): warning C4838: 从“unsigned __int64”转换到“uint32_t”需要收缩转换
F:\STAY8.19完美修复\Media.vcxproj\Source\Hack\Players.h(295,202): warning C4244: “初始化”: 从“unsigned __int64”转换到“uint32_t”，可能丢失数据
F:\STAY8.19完美修复\Media.vcxproj\Source\Hack\Players.h(296,70): warning C4838: 从“unsigned __int64”转换到“uint32_t”需要收缩转换
F:\STAY8.19完美修复\Media.vcxproj\Source\Hack\Players.h(296,70): warning C4244: “初始化”: 从“unsigned __int64”转换到“uint32_t”，可能丢失数据
F:\STAY8.19完美修复\Media.vcxproj\Source\Hack\Players.h(296,114): warning C4838: 从“unsigned __int64”转换到“uint32_t”需要收缩转换
F:\STAY8.19完美修复\Media.vcxproj\Source\Hack\Players.h(296,114): warning C4244: “初始化”: 从“unsigned __int64”转换到“uint32_t”，可能丢失数据
F:\STAY8.19完美修复\Media.vcxproj\Source\Hack\Players.h(296,158): warning C4838: 从“unsigned __int64”转换到“uint32_t”需要收缩转换
F:\STAY8.19完美修复\Media.vcxproj\Source\Hack\Players.h(296,158): warning C4244: “初始化”: 从“unsigned __int64”转换到“uint32_t”，可能丢失数据
F:\STAY8.19完美修复\Media.vcxproj\Source\Hack\Players.h(296,202): warning C4838: 从“unsigned __int64”转换到“uint32_t”需要收缩转换
F:\STAY8.19完美修复\Media.vcxproj\Source\Hack\Players.h(296,202): warning C4244: “初始化”: 从“unsigned __int64”转换到“uint32_t”，可能丢失数据
F:\STAY8.19完美修复\Media.vcxproj\Source\Hack\Players.h(297,70): warning C4838: 从“unsigned __int64”转换到“uint32_t”需要收缩转换
F:\STAY8.19完美修复\Media.vcxproj\Source\Hack\Players.h(297,70): warning C4244: “初始化”: 从“unsigned __int64”转换到“uint32_t”，可能丢失数据
F:\STAY8.19完美修复\Media.vcxproj\Source\Hack\Players.h(297,114): warning C4838: 从“unsigned __int64”转换到“uint32_t”需要收缩转换
F:\STAY8.19完美修复\Media.vcxproj\Source\Hack\Players.h(297,114): warning C4244: “初始化”: 从“unsigned __int64”转换到“uint32_t”，可能丢失数据
F:\STAY8.19完美修复\Media.vcxproj\Source\Hack\Players.h(297,159): warning C4838: 从“unsigned __int64”转换到“uint32_t”需要收缩转换
F:\STAY8.19完美修复\Media.vcxproj\Source\Hack\Players.h(297,159): warning C4244: “初始化”: 从“unsigned __int64”转换到“uint32_t”，可能丢失数据
F:\STAY8.19完美修复\Media.vcxproj\Source\Hack\Players.h(297,204): warning C4838: 从“unsigned __int64”转换到“uint32_t”需要收缩转换
F:\STAY8.19完美修复\Media.vcxproj\Source\Hack\Players.h(297,204): warning C4244: “初始化”: 从“unsigned __int64”转换到“uint32_t”，可能丢失数据
F:\STAY8.19完美修复\Media.vcxproj\Source\Hack\Players.h(298,71): warning C4838: 从“unsigned __int64”转换到“uint32_t”需要收缩转换
F:\STAY8.19完美修复\Media.vcxproj\Source\Hack\Players.h(298,71): warning C4244: “初始化”: 从“unsigned __int64”转换到“uint32_t”，可能丢失数据
F:\STAY8.19完美修复\Media.vcxproj\Source\Hack\Players.h(298,116): warning C4838: 从“unsigned __int64”转换到“uint32_t”需要收缩转换
F:\STAY8.19完美修复\Media.vcxproj\Source\Hack\Players.h(298,116): warning C4244: “初始化”: 从“unsigned __int64”转换到“uint32_t”，可能丢失数据
F:\STAY8.19完美修复\Media.vcxproj\Source\Hack\Players.h(298,161): warning C4838: 从“unsigned __int64”转换到“uint32_t”需要收缩转换
F:\STAY8.19完美修复\Media.vcxproj\Source\Hack\Players.h(298,161): warning C4244: “初始化”: 从“unsigned __int64”转换到“uint32_t”，可能丢失数据
F:\STAY8.19完美修复\Media.vcxproj\Source\Hack\Players.h(298,206): warning C4838: 从“unsigned __int64”转换到“uint32_t”需要收缩转换
F:\STAY8.19完美修复\Media.vcxproj\Source\Hack\Players.h(298,206): warning C4244: “初始化”: 从“unsigned __int64”转换到“uint32_t”，可能丢失数据
F:\STAY8.19完美修复\Media.vcxproj\Source\Hack\Players.h(601,41): warning C4244: “=”: 从“float”转换到“int”，可能丢失数据
F:\STAY8.19完美修复\Media.vcxproj\Source\Hack\Players.h(602,46): warning C4244: “=”: 从“float”转换到“int”，可能丢失数据
F:\STAY8.19完美修复\Media.vcxproj\Source\Hack\Players.h(756,153): warning C4244: “参数”: 从“int”转换到“float”，可能丢失数据
F:\STAY8.19完美修复\Media.vcxproj\Source\Hack\Players.h(756,111): warning C4244: “参数”: 从“int”转换到“float”，可能丢失数据
F:\STAY8.19完美修复\Media.vcxproj\Source\Hack\Players.h(787,141): warning C4244: “参数”: 从“int”转换到“float”，可能丢失数据
F:\STAY8.19完美修复\Media.vcxproj\Source\Hack\Players.h(787,99): warning C4244: “参数”: 从“int”转换到“float”，可能丢失数据
F:\STAY8.19完美修复\Media.vcxproj\Source\Hack\AimBot.h(619,28): warning C4244: “初始化”: 从“int”转换到“float”，可能丢失数据
F:\STAY8.19完美修复\Media.vcxproj\Source\Hack\AimBot.h(636,26): warning C4244: “参数”: 从“float”转换到“int”，可能丢失数据
F:\STAY8.19完美修复\Media.vcxproj\Source\Hack\AimBot.h(636,18): warning C4244: “参数”: 从“float”转换到“int”，可能丢失数据
F:\STAY8.19完美修复\Media.vcxproj\Source\Hack\AimBot.h(645,28): warning C4244: “初始化”: 从“int”转换到“float”，可能丢失数据
F:\STAY8.19完美修复\Media.vcxproj\Source\Hack\AimBot.h(787,51): warning C4838: 从“unsigned __int64”转换到“int”需要收缩转换
F:\STAY8.19完美修复\Media.vcxproj\Source\Hack\AimBot.h(787,51): warning C4244: “初始化”: 从“unsigned __int64”转换到“int”，可能丢失数据
F:\STAY8.19完美修复\Media.vcxproj\Source\Hack\AimBot.h(788,51): warning C4838: 从“unsigned __int64”转换到“int”需要收缩转换
F:\STAY8.19完美修复\Media.vcxproj\Source\Hack\AimBot.h(788,51): warning C4244: “初始化”: 从“unsigned __int64”转换到“int”，可能丢失数据
F:\STAY8.19完美修复\Media.vcxproj\Source\Hack\AimBot.h(912,135): warning C4244: “参数”: 从“unsigned __int64”转换到“uint32_t”，可能丢失数据
F:\STAY8.19完美修复\Media.vcxproj\Source\Hack\AimBot.h(1160,80): warning C4244: “=”: 从“ULONGLONG”转换到“float”，可能丢失数据
F:\STAY8.19完美修复\Media.vcxproj\Source\Hack\AimBot.h(1181,75): warning C4244: “=”: 从“ULONGLONG”转换到“float”，可能丢失数据
F:\STAY8.19完美修复\Media.vcxproj\Source\Hack\AimBot.h(1196,73): warning C4244: “=”: 从“ULONGLONG”转换到“float”，可能丢失数据
F:\STAY8.19完美修复\Media.vcxproj\Source\Hack\AimBot.h(1376,36): warning C4244: “初始化”: 从“float”转换到“SHORT”，可能丢失数据
F:\STAY8.19完美修复\Media.vcxproj\Source\Hack\AimBot.h(1431,42): warning C4305: “初始化”: 从“double”到“float”截断
F:\STAY8.19完美修复\Media.vcxproj\Source\Hack\AimBot.h(1432,42): warning C4305: “初始化”: 从“double”到“float”截断
F:\STAY8.19完美修复\Media.vcxproj\Source\Hack\AimBot.h(1448,57): warning C4267: “参数”: 从“size_t”转换到“int”，可能丢失数据
F:\STAY8.19完美修复\Media.vcxproj\Source\Hack\AimBot.h(890,30): warning C4101: “BallisticCurve”: 未引用的局部变量
F:\STAY8.19完美修复\Media.vcxproj\Source\Hack\Radar.h(92,122): warning C4244: “参数”: 从“int”转换到“float”，可能丢失数据
F:\STAY8.19完美修复\Media.vcxproj\Source\Hack\Radar.h(92,80): warning C4244: “参数”: 从“int”转换到“float”，可能丢失数据
F:\STAY8.19完美修复\Media.vcxproj\Source\Hack\WebRadar.h(182,78): warning C4267: “参数”: 从“size_t”转换到“int”，可能丢失数据
F:\STAY8.19完美修复\Media.vcxproj\Source\Hack\WebRadar.h(193,3): error C2664: “DWORD CharLowerBuffW(LPWSTR,DWORD)”: 无法将参数 1 从“char [260]”转换为“LPWSTR”
F:\STAY8.19完美修复\Media.vcxproj\Source\Hack\WebRadar.h(208,8): error C2664: “int strcmp(const char *,const char *)”: 无法将参数 1 从“WCHAR [260]”转换为“const char *”
F:\STAY8.19完美修复\Media.vcxproj\Source\Hack\WebRadar.h(230,3): error C2664: “char *strcpy(char *,const char *)”: 无法将参数 2 从“TCHAR [260]”转换为“const char *”
F:\STAY8.19完美修复\Media.vcxproj\Source\Hack\WebRadar.h(236,16): error C2440: “=”: 无法从“const char [5]”转换为“LPCWSTR”
F:\STAY8.19完美修复\Media.vcxproj\Source\Hack\WebRadar.h(237,16): error C2440: “=”: 无法从“const char [9]”转换为“LPCWSTR”
F:\STAY8.19完美修复\Media.vcxproj\Source\Hack\WebRadar.h(238,22): error C2440: “=”: 无法从“const char [13]”转换为“LPCWSTR”
F:\STAY8.19完美修复\Media.vcxproj\Source\Hack\WebRadar.h(239,21): error C2440: “=”: 无法从“char [260]”转换为“LPCWSTR”
F:\STAY8.19完美修复\Media.vcxproj\Source\Common\Config.h(408,76): warning C4477: “snprintf”: 格式字符串“%s”需要类型“char *”的参数，但可变参数 1 拥有了类型“std::string”
F:\STAY8.19完美修复\Media.vcxproj\Source\Common\Config.h(413,80): warning C4477: “snprintf”: 格式字符串“%s”需要类型“char *”的参数，但可变参数 1 拥有了类型“std::string”
F:\STAY8.19完美修复\Media.vcxproj\Source\Common\Config.h(418,80): warning C4477: “snprintf”: 格式字符串“%s”需要类型“char *”的参数，但可变参数 1 拥有了类型“std::string”
F:\STAY8.19完美修复\Media.vcxproj\Source\Hack\Rank.h(43,56): warning C4267: “参数”: 从“size_t”转换到“DWORD”，可能丢失数据
F:\STAY8.19完美修复\Media.vcxproj\Source\Hack\Rank.h(85,109): warning C4267: “参数”: 从“size_t”转换到“DWORD”，可能丢失数据
F:\STAY8.19完美修复\Media.vcxproj\Source\Hack\Rank.h(85,72): warning C4267: “参数”: 从“size_t”转换到“DWORD”，可能丢失数据
F:\STAY8.19完美修复\Media.vcxproj\Source\Hack\Rank.h(247,86): warning C4244: “=”: 从“double”转换到“float”，可能丢失数据
F:\STAY8.19完美修复\Media.vcxproj\Source\Hack\Rank.h(249,75): warning C4244: “=”: 从“double”转换到“float”，可能丢失数据
F:\STAY8.19完美修复\Media.vcxproj\Source\Hack\Rank.h(299,91): warning C4244: “=”: 从“double”转换到“float”，可能丢失数据
F:\STAY8.19完美修复\Media.vcxproj\Source\Hack\Rank.h(301,80): warning C4244: “=”: 从“double”转换到“float”，可能丢失数据
F:\STAY8.19完美修复\Media.vcxproj\Source\Hack\Rank.h(351,86): warning C4244: “=”: 从“double”转换到“float”，可能丢失数据
F:\STAY8.19完美修复\Media.vcxproj\Source\Hack\Rank.h(353,75): warning C4244: “=”: 从“double”转换到“float”，可能丢失数据
F:\STAY8.19完美修复\Media.vcxproj\Source\Hack\Rank.h(403,91): warning C4244: “=”: 从“double”转换到“float”，可能丢失数据
F:\STAY8.19完美修复\Media.vcxproj\Source\Hack\Rank.h(405,80): warning C4244: “=”: 从“double”转换到“float”，可能丢失数据
F:\STAY8.19完美修复\Media.vcxproj\Source\Hack\Rank.h(474,78): warning C4244: “=”: 从“double”转换到“float”，可能丢失数据
F:\STAY8.19完美修复\Media.vcxproj\Source\Hack\Rank.h(745,61): warning C4477: “sscanf_s”: 格式字符串“%[^|]”需要类型“unsigned int”的参数，但可变参数 2 拥有了类型“size_t”
F:\STAY8.19完美修复\Media.vcxproj\Source\Hack\Hack.h(286,63): warning C4244: “参数”: 从“T”转换到“DWORD”，可能丢失数据
F:\STAY8.19完美修复\Media.vcxproj\Source\Hack\Hack.h(286,63): warning C4244:         with
F:\STAY8.19完美修复\Media.vcxproj\Source\Hack\Hack.h(286,63): warning C4244:         [
F:\STAY8.19完美修复\Media.vcxproj\Source\Hack\Hack.h(286,63): warning C4244:             T=UINT64
F:\STAY8.19完美修复\Media.vcxproj\Source\Hack\Hack.h(286,63): warning C4244:         ]
F:\STAY8.19完美修复\Media.vcxproj\Source\Utils\MachineCodeGenerator.h(26,31): warning C4018: “<”: 有符号/无符号不匹配
F:\STAY8.19完美修复\Media.vcxproj\Source\Utils\MachineCodeGenerator.h(38,13): error C2664: “BOOL GetVolumeInformationW(LPCWSTR,LPWSTR,DWORD,LPDWORD,LPDWORD,LPDWORD,LPWSTR,DWORD)”: 无法将参数 1 从“const char [5]”转换为“LPCWSTR”
F:\STAY8.19完美修复\Media.vcxproj\Main.cpp(176,2): error C2664: “BOOL SetConsoleTitleW(LPCWSTR)”: 无法将参数 1 从“const char [18]”转换为“LPCWSTR”
  Entitys.cpp
F:\STAY8.19完美修复\Media.vcxproj\Source\Common\Entitys.cpp(2,10): warning C4067: 预处理器指令后有意外标记 - 应输入换行符
F:\STAY8.19完美修复\Media.vcxproj\Source\Utils\Engine.h(1,1): warning C4819: 该文件包含不能在当前代码页(936)中表示的字符。请将该文件保存为 Unicode 格式以防止数据丢失
F:\STAY8.19完美修复\Media.vcxproj\Include\DMALibrary\libs\leechcore.h(120,15): warning C4200: 使用了非标准扩展: 结构/联合中的零大小数组
F:\STAY8.19完美修复\Media.vcxproj\Include\DMALibrary\libs\leechcore.h(473,14): warning C4200: 使用了非标准扩展: 结构/联合中的零大小数组
F:\STAY8.19完美修复\Media.vcxproj\Include\DMALibrary\libs\leechcore.h(482,14): warning C4200: 使用了非标准扩展: 结构/联合中的零大小数组
F:\STAY8.19完美修复\Media.vcxproj\Include\DMALibrary\libs\vmmdll.h(392,39): warning C4200: 使用了非标准扩展: 结构/联合中的零大小数组
F:\STAY8.19完美修复\Media.vcxproj\Include\DMALibrary\libs\vmmdll.h(1454,29): warning C4200: 使用了非标准扩展: 结构/联合中的零大小数组
F:\STAY8.19完美修复\Media.vcxproj\Include\DMALibrary\libs\vmmdll.h(1464,29): warning C4200: 使用了非标准扩展: 结构/联合中的零大小数组
F:\STAY8.19完美修复\Media.vcxproj\Include\DMALibrary\libs\vmmdll.h(1471,31): warning C4200: 使用了非标准扩展: 结构/联合中的零大小数组
F:\STAY8.19完美修复\Media.vcxproj\Include\DMALibrary\libs\vmmdll.h(1480,32): warning C4200: 使用了非标准扩展: 结构/联合中的零大小数组
F:\STAY8.19完美修复\Media.vcxproj\Include\DMALibrary\libs\vmmdll.h(1489,40): warning C4200: 使用了非标准扩展: 结构/联合中的零大小数组
F:\STAY8.19完美修复\Media.vcxproj\Include\DMALibrary\libs\vmmdll.h(1505,29): warning C4200: 使用了非标准扩展: 结构/联合中的零大小数组
F:\STAY8.19完美修复\Media.vcxproj\Include\DMALibrary\libs\vmmdll.h(1515,29): warning C4200: 使用了非标准扩展: 结构/联合中的零大小数组
F:\STAY8.19完美修复\Media.vcxproj\Include\DMALibrary\libs\vmmdll.h(1524,30): warning C4200: 使用了非标准扩展: 结构/联合中的零大小数组
F:\STAY8.19完美修复\Media.vcxproj\Include\DMALibrary\libs\vmmdll.h(1532,35): warning C4200: 使用了非标准扩展: 结构/联合中的零大小数组
F:\STAY8.19完美修复\Media.vcxproj\Include\DMALibrary\libs\vmmdll.h(1539,32): warning C4200: 使用了非标准扩展: 结构/联合中的零大小数组
F:\STAY8.19完美修复\Media.vcxproj\Include\DMALibrary\libs\vmmdll.h(1548,32): warning C4200: 使用了非标准扩展: 结构/联合中的零大小数组
F:\STAY8.19完美修复\Media.vcxproj\Include\DMALibrary\libs\vmmdll.h(1559,30): warning C4200: 使用了非标准扩展: 结构/联合中的零大小数组
F:\STAY8.19完美修复\Media.vcxproj\Include\DMALibrary\libs\vmmdll.h(1568,29): warning C4200: 使用了非标准扩展: 结构/联合中的零大小数组
F:\STAY8.19完美修复\Media.vcxproj\Include\DMALibrary\libs\vmmdll.h(1576,33): warning C4200: 使用了非标准扩展: 结构/联合中的零大小数组
F:\STAY8.19完美修复\Media.vcxproj\Include\DMALibrary\libs\vmmdll.h(1585,30): warning C4200: 使用了非标准扩展: 结构/联合中的零大小数组
F:\STAY8.19完美修复\Media.vcxproj\Include\DMALibrary\libs\vmmdll.h(1594,28): warning C4200: 使用了非标准扩展: 结构/联合中的零大小数组
F:\STAY8.19完美修复\Media.vcxproj\Include\DMALibrary\libs\vmmdll.h(1603,33): warning C4200: 使用了非标准扩展: 结构/联合中的零大小数组
F:\STAY8.19完美修复\Media.vcxproj\Include\DMALibrary\libs\vmmdll.h(2138,29): warning C4200: 使用了非标准扩展: 结构/联合中的零大小数组
F:\STAY8.19完美修复\Media.vcxproj\Include\DMALibrary\Memory\Registry.h(25,2): error C4996: 'wcstombs': This function or variable may be unsafe. Consider using wcstombs_s instead. To disable deprecation, use _CRT_SECURE_NO_WARNINGS. See online help for details.
F:\STAY8.19完美修复\Media.vcxproj\Source\Utils\Engine.h(280,17): warning C4267: “=”: 从“size_t”转换到“int32_t”，可能丢失数据
F:\STAY8.19完美修复\Media.vcxproj\Source\Utils\Engine.h(482,8): warning C4099: “FString”: 类型名称以前使用“struct”现在使用的是“class”
F:\STAY8.19完美修复\Media.vcxproj\Source\Utils\Engine.h(483,8): warning C4099: “FString”: 类型名称以前使用“struct”现在使用的是“class”
F:\STAY8.19完美修复\Media.vcxproj\Source\Utils\Engine.h(488,8): warning C4099: “FString”: 类型名称以前使用“struct”现在使用的是“class”
F:\STAY8.19完美修复\Media.vcxproj\Source\Utils\Engine.h(489,8): warning C4099: “FString”: 类型名称以前使用“struct”现在使用的是“class”
F:\STAY8.19完美修复\Media.vcxproj\Source\Utils\Engine.h(490,8): warning C4099: “FString”: 类型名称以前使用“struct”现在使用的是“class”
F:\STAY8.19完美修复\Media.vcxproj\Source\Utils\Engine.h(491,8): warning C4099: “FString”: 类型名称以前使用“struct”现在使用的是“class”
F:\STAY8.19完美修复\Media.vcxproj\Source\Utils\Engine.h(492,8): warning C4099: “FString”: 类型名称以前使用“struct”现在使用的是“class”
F:\STAY8.19完美修复\Media.vcxproj\Source\Utils\Engine.h(493,8): warning C4099: “FString”: 类型名称以前使用“struct”现在使用的是“class”
  VectorHelper.cpp
F:\STAY8.19完美修复\Media.vcxproj\Source\Utils\Engine.h(1,1): warning C4819: 该文件包含不能在当前代码页(936)中表示的字符。请将该文件保存为 Unicode 格式以防止数据丢失
F:\STAY8.19完美修复\Media.vcxproj\Include\DMALibrary\libs\leechcore.h(120,15): warning C4200: 使用了非标准扩展: 结构/联合中的零大小数组
F:\STAY8.19完美修复\Media.vcxproj\Include\DMALibrary\libs\leechcore.h(473,14): warning C4200: 使用了非标准扩展: 结构/联合中的零大小数组
F:\STAY8.19完美修复\Media.vcxproj\Include\DMALibrary\libs\leechcore.h(482,14): warning C4200: 使用了非标准扩展: 结构/联合中的零大小数组
F:\STAY8.19完美修复\Media.vcxproj\Include\DMALibrary\libs\vmmdll.h(392,39): warning C4200: 使用了非标准扩展: 结构/联合中的零大小数组
F:\STAY8.19完美修复\Media.vcxproj\Include\DMALibrary\libs\vmmdll.h(1454,29): warning C4200: 使用了非标准扩展: 结构/联合中的零大小数组
F:\STAY8.19完美修复\Media.vcxproj\Include\DMALibrary\libs\vmmdll.h(1464,29): warning C4200: 使用了非标准扩展: 结构/联合中的零大小数组
F:\STAY8.19完美修复\Media.vcxproj\Include\DMALibrary\libs\vmmdll.h(1471,31): warning C4200: 使用了非标准扩展: 结构/联合中的零大小数组
F:\STAY8.19完美修复\Media.vcxproj\Include\DMALibrary\libs\vmmdll.h(1480,32): warning C4200: 使用了非标准扩展: 结构/联合中的零大小数组
F:\STAY8.19完美修复\Media.vcxproj\Include\DMALibrary\libs\vmmdll.h(1489,40): warning C4200: 使用了非标准扩展: 结构/联合中的零大小数组
F:\STAY8.19完美修复\Media.vcxproj\Include\DMALibrary\libs\vmmdll.h(1505,29): warning C4200: 使用了非标准扩展: 结构/联合中的零大小数组
F:\STAY8.19完美修复\Media.vcxproj\Include\DMALibrary\libs\vmmdll.h(1515,29): warning C4200: 使用了非标准扩展: 结构/联合中的零大小数组
F:\STAY8.19完美修复\Media.vcxproj\Include\DMALibrary\libs\vmmdll.h(1524,30): warning C4200: 使用了非标准扩展: 结构/联合中的零大小数组
F:\STAY8.19完美修复\Media.vcxproj\Include\DMALibrary\libs\vmmdll.h(1532,35): warning C4200: 使用了非标准扩展: 结构/联合中的零大小数组
F:\STAY8.19完美修复\Media.vcxproj\Include\DMALibrary\libs\vmmdll.h(1539,32): warning C4200: 使用了非标准扩展: 结构/联合中的零大小数组
F:\STAY8.19完美修复\Media.vcxproj\Include\DMALibrary\libs\vmmdll.h(1548,32): warning C4200: 使用了非标准扩展: 结构/联合中的零大小数组
F:\STAY8.19完美修复\Media.vcxproj\Include\DMALibrary\libs\vmmdll.h(1559,30): warning C4200: 使用了非标准扩展: 结构/联合中的零大小数组
F:\STAY8.19完美修复\Media.vcxproj\Include\DMALibrary\libs\vmmdll.h(1568,29): warning C4200: 使用了非标准扩展: 结构/联合中的零大小数组
F:\STAY8.19完美修复\Media.vcxproj\Include\DMALibrary\libs\vmmdll.h(1576,33): warning C4200: 使用了非标准扩展: 结构/联合中的零大小数组
F:\STAY8.19完美修复\Media.vcxproj\Include\DMALibrary\libs\vmmdll.h(1585,30): warning C4200: 使用了非标准扩展: 结构/联合中的零大小数组
F:\STAY8.19完美修复\Media.vcxproj\Include\DMALibrary\libs\vmmdll.h(1594,28): warning C4200: 使用了非标准扩展: 结构/联合中的零大小数组
F:\STAY8.19完美修复\Media.vcxproj\Include\DMALibrary\libs\vmmdll.h(1603,33): warning C4200: 使用了非标准扩展: 结构/联合中的零大小数组
F:\STAY8.19完美修复\Media.vcxproj\Include\DMALibrary\libs\vmmdll.h(2138,29): warning C4200: 使用了非标准扩展: 结构/联合中的零大小数组
F:\STAY8.19完美修复\Media.vcxproj\Include\DMALibrary\Memory\Registry.h(25,2): error C4996: 'wcstombs': This function or variable may be unsafe. Consider using wcstombs_s instead. To disable deprecation, use _CRT_SECURE_NO_WARNINGS. See online help for details.
F:\STAY8.19完美修复\Media.vcxproj\Source\Utils\Engine.h(280,17): warning C4267: “=”: 从“size_t”转换到“int32_t”，可能丢失数据
F:\STAY8.19完美修复\Media.vcxproj\Source\Utils\Engine.h(482,8): warning C4099: “FString”: 类型名称以前使用“struct”现在使用的是“class”
F:\STAY8.19完美修复\Media.vcxproj\Source\Utils\Engine.h(483,8): warning C4099: “FString”: 类型名称以前使用“struct”现在使用的是“class”
F:\STAY8.19完美修复\Media.vcxproj\Source\Utils\Engine.h(488,8): warning C4099: “FString”: 类型名称以前使用“struct”现在使用的是“class”
F:\STAY8.19完美修复\Media.vcxproj\Source\Utils\Engine.h(489,8): warning C4099: “FString”: 类型名称以前使用“struct”现在使用的是“class”
F:\STAY8.19完美修复\Media.vcxproj\Source\Utils\Engine.h(490,8): warning C4099: “FString”: 类型名称以前使用“struct”现在使用的是“class”
F:\STAY8.19完美修复\Media.vcxproj\Source\Utils\Engine.h(491,8): warning C4099: “FString”: 类型名称以前使用“struct”现在使用的是“class”
F:\STAY8.19完美修复\Media.vcxproj\Source\Utils\Engine.h(492,8): warning C4099: “FString”: 类型名称以前使用“struct”现在使用的是“class”
F:\STAY8.19完美修复\Media.vcxproj\Source\Utils\Engine.h(493,8): warning C4099: “FString”: 类型名称以前使用“struct”现在使用的是“class”
F:\STAY8.19完美修复\Media.vcxproj\Source\Common\VectorHelper.cpp(81,15): warning C4244: “初始化”: 从“int”转换到“float”，可能丢失数据
F:\STAY8.19完美修复\Media.vcxproj\Source\Common\VectorHelper.cpp(82,15): warning C4244: “初始化”: 从“int”转换到“float”，可能丢失数据
F:\STAY8.19完美修复\Media.vcxproj\Source\Common\VectorHelper.cpp(91,15): warning C4244: “初始化”: 从“int”转换到“float”，可能丢失数据
F:\STAY8.19完美修复\Media.vcxproj\Source\Common\VectorHelper.cpp(92,15): warning C4244: “初始化”: 从“int”转换到“float”，可能丢失数据
  Decrypt.cpp
F:\STAY8.19完美修复\Media.vcxproj\Source\Hack\Decrypt.h(1,1): warning C4819: 该文件包含不能在当前代码页(936)中表示的字符。请将该文件保存为 Unicode 格式以防止数据丢失
F:\STAY8.19完美修复\Media.vcxproj\Include\DMALibrary\libs\leechcore.h(120,15): warning C4200: 使用了非标准扩展: 结构/联合中的零大小数组
F:\STAY8.19完美修复\Media.vcxproj\Include\DMALibrary\libs\leechcore.h(473,14): warning C4200: 使用了非标准扩展: 结构/联合中的零大小数组
F:\STAY8.19完美修复\Media.vcxproj\Include\DMALibrary\libs\leechcore.h(482,14): warning C4200: 使用了非标准扩展: 结构/联合中的零大小数组
F:\STAY8.19完美修复\Media.vcxproj\Include\DMALibrary\libs\vmmdll.h(392,39): warning C4200: 使用了非标准扩展: 结构/联合中的零大小数组
F:\STAY8.19完美修复\Media.vcxproj\Include\DMALibrary\libs\vmmdll.h(1454,29): warning C4200: 使用了非标准扩展: 结构/联合中的零大小数组
F:\STAY8.19完美修复\Media.vcxproj\Include\DMALibrary\libs\vmmdll.h(1464,29): warning C4200: 使用了非标准扩展: 结构/联合中的零大小数组
F:\STAY8.19完美修复\Media.vcxproj\Include\DMALibrary\libs\vmmdll.h(1471,31): warning C4200: 使用了非标准扩展: 结构/联合中的零大小数组
F:\STAY8.19完美修复\Media.vcxproj\Include\DMALibrary\libs\vmmdll.h(1480,32): warning C4200: 使用了非标准扩展: 结构/联合中的零大小数组
F:\STAY8.19完美修复\Media.vcxproj\Include\DMALibrary\libs\vmmdll.h(1489,40): warning C4200: 使用了非标准扩展: 结构/联合中的零大小数组
F:\STAY8.19完美修复\Media.vcxproj\Include\DMALibrary\libs\vmmdll.h(1505,29): warning C4200: 使用了非标准扩展: 结构/联合中的零大小数组
F:\STAY8.19完美修复\Media.vcxproj\Include\DMALibrary\libs\vmmdll.h(1515,29): warning C4200: 使用了非标准扩展: 结构/联合中的零大小数组
F:\STAY8.19完美修复\Media.vcxproj\Include\DMALibrary\libs\vmmdll.h(1524,30): warning C4200: 使用了非标准扩展: 结构/联合中的零大小数组
F:\STAY8.19完美修复\Media.vcxproj\Include\DMALibrary\libs\vmmdll.h(1532,35): warning C4200: 使用了非标准扩展: 结构/联合中的零大小数组
F:\STAY8.19完美修复\Media.vcxproj\Include\DMALibrary\libs\vmmdll.h(1539,32): warning C4200: 使用了非标准扩展: 结构/联合中的零大小数组
F:\STAY8.19完美修复\Media.vcxproj\Include\DMALibrary\libs\vmmdll.h(1548,32): warning C4200: 使用了非标准扩展: 结构/联合中的零大小数组
F:\STAY8.19完美修复\Media.vcxproj\Include\DMALibrary\libs\vmmdll.h(1559,30): warning C4200: 使用了非标准扩展: 结构/联合中的零大小数组
F:\STAY8.19完美修复\Media.vcxproj\Include\DMALibrary\libs\vmmdll.h(1568,29): warning C4200: 使用了非标准扩展: 结构/联合中的零大小数组
F:\STAY8.19完美修复\Media.vcxproj\Include\DMALibrary\libs\vmmdll.h(1576,33): warning C4200: 使用了非标准扩展: 结构/联合中的零大小数组
F:\STAY8.19完美修复\Media.vcxproj\Include\DMALibrary\libs\vmmdll.h(1585,30): warning C4200: 使用了非标准扩展: 结构/联合中的零大小数组
F:\STAY8.19完美修复\Media.vcxproj\Include\DMALibrary\libs\vmmdll.h(1594,28): warning C4200: 使用了非标准扩展: 结构/联合中的零大小数组
F:\STAY8.19完美修复\Media.vcxproj\Include\DMALibrary\libs\vmmdll.h(1603,33): warning C4200: 使用了非标准扩展: 结构/联合中的零大小数组
F:\STAY8.19完美修复\Media.vcxproj\Include\DMALibrary\libs\vmmdll.h(2138,29): warning C4200: 使用了非标准扩展: 结构/联合中的零大小数组
F:\STAY8.19完美修复\Media.vcxproj\Include\DMALibrary\Memory\Registry.h(25,2): error C4996: 'wcstombs': This function or variable may be unsafe. Consider using wcstombs_s instead. To disable deprecation, use _CRT_SECURE_NO_WARNINGS. See online help for details.
F:\STAY8.19完美修复\Media.vcxproj\Source\Utils\Engine.h(1,1): warning C4819: 该文件包含不能在当前代码页(936)中表示的字符。请将该文件保存为 Unicode 格式以防止数据丢失
F:\STAY8.19完美修复\Media.vcxproj\Source\Utils\Engine.h(280,17): warning C4267: “=”: 从“size_t”转换到“int32_t”，可能丢失数据
F:\STAY8.19完美修复\Media.vcxproj\Source\Utils\Engine.h(482,8): warning C4099: “FString”: 类型名称以前使用“struct”现在使用的是“class”
F:\STAY8.19完美修复\Media.vcxproj\Source\Utils\Engine.h(483,8): warning C4099: “FString”: 类型名称以前使用“struct”现在使用的是“class”
F:\STAY8.19完美修复\Media.vcxproj\Source\Utils\Engine.h(488,8): warning C4099: “FString”: 类型名称以前使用“struct”现在使用的是“class”
F:\STAY8.19完美修复\Media.vcxproj\Source\Utils\Engine.h(489,8): warning C4099: “FString”: 类型名称以前使用“struct”现在使用的是“class”
F:\STAY8.19完美修复\Media.vcxproj\Source\Utils\Engine.h(490,8): warning C4099: “FString”: 类型名称以前使用“struct”现在使用的是“class”
F:\STAY8.19完美修复\Media.vcxproj\Source\Utils\Engine.h(491,8): warning C4099: “FString”: 类型名称以前使用“struct”现在使用的是“class”
F:\STAY8.19完美修复\Media.vcxproj\Source\Utils\Engine.h(492,8): warning C4099: “FString”: 类型名称以前使用“struct”现在使用的是“class”
F:\STAY8.19完美修复\Media.vcxproj\Source\Utils\Engine.h(493,8): warning C4099: “FString”: 类型名称以前使用“struct”现在使用的是“class”
F:\STAY8.19完美修复\Media.vcxproj\Source\Hack\Decrypt.cpp(8,21): warning C4244: “初始化”: 从“unsigned __int64”转换到“DWORD”，可能丢失数据
F:\STAY8.19完美修复\Media.vcxproj\Source\Hack\Decrypt.cpp(9,117): warning C4244: “参数”: 从“unsigned __int64”转换到“int”，可能丢失数据
F:\STAY8.19完美修复\Media.vcxproj\Source\Hack\Decrypt.cpp(9,177): warning C4244: “参数”: 从“unsigned __int64”转换到“int”，可能丢失数据
F:\STAY8.19完美修复\Media.vcxproj\Source\Hack\Decrypt.cpp(11,75): warning C4244: “return”: 从“unsigned __int64”转换到“DWORD”，可能丢失数据
  Process.cpp
F:\STAY8.19完美修复\Media.vcxproj\Include\DMALibrary\libs\leechcore.h(120,15): warning C4200: 使用了非标准扩展: 结构/联合中的零大小数组
F:\STAY8.19完美修复\Media.vcxproj\Include\DMALibrary\libs\leechcore.h(473,14): warning C4200: 使用了非标准扩展: 结构/联合中的零大小数组
F:\STAY8.19完美修复\Media.vcxproj\Include\DMALibrary\libs\leechcore.h(482,14): warning C4200: 使用了非标准扩展: 结构/联合中的零大小数组
F:\STAY8.19完美修复\Media.vcxproj\Include\DMALibrary\libs\vmmdll.h(392,39): warning C4200: 使用了非标准扩展: 结构/联合中的零大小数组
F:\STAY8.19完美修复\Media.vcxproj\Include\DMALibrary\libs\vmmdll.h(1454,29): warning C4200: 使用了非标准扩展: 结构/联合中的零大小数组
F:\STAY8.19完美修复\Media.vcxproj\Include\DMALibrary\libs\vmmdll.h(1464,29): warning C4200: 使用了非标准扩展: 结构/联合中的零大小数组
F:\STAY8.19完美修复\Media.vcxproj\Include\DMALibrary\libs\vmmdll.h(1471,31): warning C4200: 使用了非标准扩展: 结构/联合中的零大小数组
F:\STAY8.19完美修复\Media.vcxproj\Include\DMALibrary\libs\vmmdll.h(1480,32): warning C4200: 使用了非标准扩展: 结构/联合中的零大小数组
F:\STAY8.19完美修复\Media.vcxproj\Include\DMALibrary\libs\vmmdll.h(1489,40): warning C4200: 使用了非标准扩展: 结构/联合中的零大小数组
F:\STAY8.19完美修复\Media.vcxproj\Include\DMALibrary\libs\vmmdll.h(1505,29): warning C4200: 使用了非标准扩展: 结构/联合中的零大小数组
F:\STAY8.19完美修复\Media.vcxproj\Include\DMALibrary\libs\vmmdll.h(1515,29): warning C4200: 使用了非标准扩展: 结构/联合中的零大小数组
F:\STAY8.19完美修复\Media.vcxproj\Include\DMALibrary\libs\vmmdll.h(1524,30): warning C4200: 使用了非标准扩展: 结构/联合中的零大小数组
F:\STAY8.19完美修复\Media.vcxproj\Include\DMALibrary\libs\vmmdll.h(1532,35): warning C4200: 使用了非标准扩展: 结构/联合中的零大小数组
F:\STAY8.19完美修复\Media.vcxproj\Include\DMALibrary\libs\vmmdll.h(1539,32): warning C4200: 使用了非标准扩展: 结构/联合中的零大小数组
F:\STAY8.19完美修复\Media.vcxproj\Include\DMALibrary\libs\vmmdll.h(1548,32): warning C4200: 使用了非标准扩展: 结构/联合中的零大小数组
F:\STAY8.19完美修复\Media.vcxproj\Include\DMALibrary\libs\vmmdll.h(1559,30): warning C4200: 使用了非标准扩展: 结构/联合中的零大小数组
F:\STAY8.19完美修复\Media.vcxproj\Include\DMALibrary\libs\vmmdll.h(1568,29): warning C4200: 使用了非标准扩展: 结构/联合中的零大小数组
F:\STAY8.19完美修复\Media.vcxproj\Include\DMALibrary\libs\vmmdll.h(1576,33): warning C4200: 使用了非标准扩展: 结构/联合中的零大小数组
F:\STAY8.19完美修复\Media.vcxproj\Include\DMALibrary\libs\vmmdll.h(1585,30): warning C4200: 使用了非标准扩展: 结构/联合中的零大小数组
F:\STAY8.19完美修复\Media.vcxproj\Include\DMALibrary\libs\vmmdll.h(1594,28): warning C4200: 使用了非标准扩展: 结构/联合中的零大小数组
F:\STAY8.19完美修复\Media.vcxproj\Include\DMALibrary\libs\vmmdll.h(1603,33): warning C4200: 使用了非标准扩展: 结构/联合中的零大小数组
F:\STAY8.19完美修复\Media.vcxproj\Include\DMALibrary\libs\vmmdll.h(2138,29): warning C4200: 使用了非标准扩展: 结构/联合中的零大小数组
F:\STAY8.19完美修复\Media.vcxproj\Include\DMALibrary\Memory\Registry.h(25,2): error C4996: 'wcstombs': This function or variable may be unsafe. Consider using wcstombs_s instead. To disable deprecation, use _CRT_SECURE_NO_WARNINGS. See online help for details.
F:\STAY8.19完美修复\Media.vcxproj\Source\Utils\Engine.h(1,1): warning C4819: 该文件包含不能在当前代码页(936)中表示的字符。请将该文件保存为 Unicode 格式以防止数据丢失
F:\STAY8.19完美修复\Media.vcxproj\Source\Utils\Engine.h(280,17): warning C4267: “=”: 从“size_t”转换到“int32_t”，可能丢失数据
F:\STAY8.19完美修复\Media.vcxproj\Source\Utils\Engine.h(482,8): warning C4099: “FString”: 类型名称以前使用“struct”现在使用的是“class”
F:\STAY8.19完美修复\Media.vcxproj\Source\Utils\Engine.h(483,8): warning C4099: “FString”: 类型名称以前使用“struct”现在使用的是“class”
F:\STAY8.19完美修复\Media.vcxproj\Source\Utils\Engine.h(488,8): warning C4099: “FString”: 类型名称以前使用“struct”现在使用的是“class”
F:\STAY8.19完美修复\Media.vcxproj\Source\Utils\Engine.h(489,8): warning C4099: “FString”: 类型名称以前使用“struct”现在使用的是“class”
F:\STAY8.19完美修复\Media.vcxproj\Source\Utils\Engine.h(490,8): warning C4099: “FString”: 类型名称以前使用“struct”现在使用的是“class”
F:\STAY8.19完美修复\Media.vcxproj\Source\Utils\Engine.h(491,8): warning C4099: “FString”: 类型名称以前使用“struct”现在使用的是“class”
F:\STAY8.19完美修复\Media.vcxproj\Source\Utils\Engine.h(492,8): warning C4099: “FString”: 类型名称以前使用“struct”现在使用的是“class”
F:\STAY8.19完美修复\Media.vcxproj\Source\Utils\Engine.h(493,8): warning C4099: “FString”: 类型名称以前使用“struct”现在使用的是“class”
F:\STAY8.19完美修复\Media.vcxproj\Source\Hack\Process.h(43,10): warning C4267: “参数”: 从“size_t”转换到“ULONG”，可能丢失数据
  Overlay.cpp
F:\STAY8.19完美修复\Media.vcxproj\Source\Utils\Engine.h(1,1): warning C4819: 该文件包含不能在当前代码页(936)中表示的字符。请将该文件保存为 Unicode 格式以防止数据丢失
F:\STAY8.19完美修复\Media.vcxproj\Include\DMALibrary\libs\leechcore.h(120,15): warning C4200: 使用了非标准扩展: 结构/联合中的零大小数组
F:\STAY8.19完美修复\Media.vcxproj\Include\DMALibrary\libs\leechcore.h(473,14): warning C4200: 使用了非标准扩展: 结构/联合中的零大小数组
F:\STAY8.19完美修复\Media.vcxproj\Include\DMALibrary\libs\leechcore.h(482,14): warning C4200: 使用了非标准扩展: 结构/联合中的零大小数组
F:\STAY8.19完美修复\Media.vcxproj\Include\DMALibrary\libs\vmmdll.h(392,39): warning C4200: 使用了非标准扩展: 结构/联合中的零大小数组
F:\STAY8.19完美修复\Media.vcxproj\Include\DMALibrary\libs\vmmdll.h(1454,29): warning C4200: 使用了非标准扩展: 结构/联合中的零大小数组
F:\STAY8.19完美修复\Media.vcxproj\Include\DMALibrary\libs\vmmdll.h(1464,29): warning C4200: 使用了非标准扩展: 结构/联合中的零大小数组
F:\STAY8.19完美修复\Media.vcxproj\Include\DMALibrary\libs\vmmdll.h(1471,31): warning C4200: 使用了非标准扩展: 结构/联合中的零大小数组
F:\STAY8.19完美修复\Media.vcxproj\Include\DMALibrary\libs\vmmdll.h(1480,32): warning C4200: 使用了非标准扩展: 结构/联合中的零大小数组
F:\STAY8.19完美修复\Media.vcxproj\Include\DMALibrary\libs\vmmdll.h(1489,40): warning C4200: 使用了非标准扩展: 结构/联合中的零大小数组
F:\STAY8.19完美修复\Media.vcxproj\Include\DMALibrary\libs\vmmdll.h(1505,29): warning C4200: 使用了非标准扩展: 结构/联合中的零大小数组
F:\STAY8.19完美修复\Media.vcxproj\Include\DMALibrary\libs\vmmdll.h(1515,29): warning C4200: 使用了非标准扩展: 结构/联合中的零大小数组
F:\STAY8.19完美修复\Media.vcxproj\Include\DMALibrary\libs\vmmdll.h(1524,30): warning C4200: 使用了非标准扩展: 结构/联合中的零大小数组
F:\STAY8.19完美修复\Media.vcxproj\Include\DMALibrary\libs\vmmdll.h(1532,35): warning C4200: 使用了非标准扩展: 结构/联合中的零大小数组
F:\STAY8.19完美修复\Media.vcxproj\Include\DMALibrary\libs\vmmdll.h(1539,32): warning C4200: 使用了非标准扩展: 结构/联合中的零大小数组
F:\STAY8.19完美修复\Media.vcxproj\Include\DMALibrary\libs\vmmdll.h(1548,32): warning C4200: 使用了非标准扩展: 结构/联合中的零大小数组
F:\STAY8.19完美修复\Media.vcxproj\Include\DMALibrary\libs\vmmdll.h(1559,30): warning C4200: 使用了非标准扩展: 结构/联合中的零大小数组
F:\STAY8.19完美修复\Media.vcxproj\Include\DMALibrary\libs\vmmdll.h(1568,29): warning C4200: 使用了非标准扩展: 结构/联合中的零大小数组
F:\STAY8.19完美修复\Media.vcxproj\Include\DMALibrary\libs\vmmdll.h(1576,33): warning C4200: 使用了非标准扩展: 结构/联合中的零大小数组
F:\STAY8.19完美修复\Media.vcxproj\Include\DMALibrary\libs\vmmdll.h(1585,30): warning C4200: 使用了非标准扩展: 结构/联合中的零大小数组
F:\STAY8.19完美修复\Media.vcxproj\Include\DMALibrary\libs\vmmdll.h(1594,28): warning C4200: 使用了非标准扩展: 结构/联合中的零大小数组
F:\STAY8.19完美修复\Media.vcxproj\Include\DMALibrary\libs\vmmdll.h(1603,33): warning C4200: 使用了非标准扩展: 结构/联合中的零大小数组
F:\STAY8.19完美修复\Media.vcxproj\Include\DMALibrary\libs\vmmdll.h(2138,29): warning C4200: 使用了非标准扩展: 结构/联合中的零大小数组
F:\STAY8.19完美修复\Media.vcxproj\Include\DMALibrary\Memory\Registry.h(25,2): error C4996: 'wcstombs': This function or variable may be unsafe. Consider using wcstombs_s instead. To disable deprecation, use _CRT_SECURE_NO_WARNINGS. See online help for details.
F:\STAY8.19完美修复\Media.vcxproj\Source\Utils\Engine.h(280,17): warning C4267: “=”: 从“size_t”转换到“int32_t”，可能丢失数据
F:\STAY8.19完美修复\Media.vcxproj\Source\Utils\Engine.h(482,8): warning C4099: “FString”: 类型名称以前使用“struct”现在使用的是“class”
F:\STAY8.19完美修复\Media.vcxproj\Source\Utils\Engine.h(483,8): warning C4099: “FString”: 类型名称以前使用“struct”现在使用的是“class”
F:\STAY8.19完美修复\Media.vcxproj\Source\Utils\Engine.h(488,8): warning C4099: “FString”: 类型名称以前使用“struct”现在使用的是“class”
F:\STAY8.19完美修复\Media.vcxproj\Source\Utils\Engine.h(489,8): warning C4099: “FString”: 类型名称以前使用“struct”现在使用的是“class”
F:\STAY8.19完美修复\Media.vcxproj\Source\Utils\Engine.h(490,8): warning C4099: “FString”: 类型名称以前使用“struct”现在使用的是“class”
F:\STAY8.19完美修复\Media.vcxproj\Source\Utils\Engine.h(491,8): warning C4099: “FString”: 类型名称以前使用“struct”现在使用的是“class”
F:\STAY8.19完美修复\Media.vcxproj\Source\Utils\Engine.h(492,8): warning C4099: “FString”: 类型名称以前使用“struct”现在使用的是“class”
F:\STAY8.19完美修复\Media.vcxproj\Source\Utils\Engine.h(493,8): warning C4099: “FString”: 类型名称以前使用“struct”现在使用的是“class”
C:\Program Files (x86)\Microsoft DirectX SDK (June 2010)\Include\dxgitype.h(12,9): warning C4005: “DXGI_STATUS_OCCLUDED”: 宏重定义
C:\Program Files (x86)\Microsoft DirectX SDK (June 2010)\Include\dxgitype.h(13,9): warning C4005: “DXGI_STATUS_CLIPPED”: 宏重定义
C:\Program Files (x86)\Microsoft DirectX SDK (June 2010)\Include\dxgitype.h(14,9): warning C4005: “DXGI_STATUS_NO_REDIRECTION”: 宏重定义
C:\Program Files (x86)\Microsoft DirectX SDK (June 2010)\Include\dxgitype.h(15,9): warning C4005: “DXGI_STATUS_NO_DESKTOP_ACCESS”: 宏重定义
C:\Program Files (x86)\Microsoft DirectX SDK (June 2010)\Include\dxgitype.h(16,9): warning C4005: “DXGI_STATUS_GRAPHICS_VIDPN_SOURCE_IN_USE”: 宏重定义
C:\Program Files (x86)\Microsoft DirectX SDK (June 2010)\Include\dxgitype.h(17,9): warning C4005: “DXGI_STATUS_MODE_CHANGED”: 宏重定义
C:\Program Files (x86)\Microsoft DirectX SDK (June 2010)\Include\dxgitype.h(18,9): warning C4005: “DXGI_STATUS_MODE_CHANGE_IN_PROGRESS”: 宏重定义
C:\Program Files (x86)\Microsoft DirectX SDK (June 2010)\Include\dxgitype.h(21,9): warning C4005: “DXGI_ERROR_INVALID_CALL”: 宏重定义
C:\Program Files (x86)\Microsoft DirectX SDK (June 2010)\Include\dxgitype.h(22,9): warning C4005: “DXGI_ERROR_NOT_FOUND”: 宏重定义
C:\Program Files (x86)\Microsoft DirectX SDK (June 2010)\Include\dxgitype.h(23,9): warning C4005: “DXGI_ERROR_MORE_DATA”: 宏重定义
C:\Program Files (x86)\Microsoft DirectX SDK (June 2010)\Include\dxgitype.h(24,9): warning C4005: “DXGI_ERROR_UNSUPPORTED”: 宏重定义
C:\Program Files (x86)\Microsoft DirectX SDK (June 2010)\Include\dxgitype.h(25,9): warning C4005: “DXGI_ERROR_DEVICE_REMOVED”: 宏重定义
C:\Program Files (x86)\Microsoft DirectX SDK (June 2010)\Include\dxgitype.h(26,9): warning C4005: “DXGI_ERROR_DEVICE_HUNG”: 宏重定义
C:\Program Files (x86)\Microsoft DirectX SDK (June 2010)\Include\dxgitype.h(27,9): warning C4005: “DXGI_ERROR_DEVICE_RESET”: 宏重定义
C:\Program Files (x86)\Microsoft DirectX SDK (June 2010)\Include\dxgitype.h(28,9): warning C4005: “DXGI_ERROR_WAS_STILL_DRAWING”: 宏重定义
C:\Program Files (x86)\Microsoft DirectX SDK (June 2010)\Include\dxgitype.h(29,9): warning C4005: “DXGI_ERROR_FRAME_STATISTICS_DISJOINT”: 宏重定义
C:\Program Files (x86)\Microsoft DirectX SDK (June 2010)\Include\dxgitype.h(30,9): warning C4005: “DXGI_ERROR_GRAPHICS_VIDPN_SOURCE_IN_USE”: 宏重定义
C:\Program Files (x86)\Microsoft DirectX SDK (June 2010)\Include\dxgitype.h(31,9): warning C4005: “DXGI_ERROR_DRIVER_INTERNAL_ERROR”: 宏重定义
C:\Program Files (x86)\Microsoft DirectX SDK (June 2010)\Include\dxgitype.h(32,9): warning C4005: “DXGI_ERROR_NONEXCLUSIVE”: 宏重定义
C:\Program Files (x86)\Microsoft DirectX SDK (June 2010)\Include\dxgitype.h(33,9): warning C4005: “DXGI_ERROR_NOT_CURRENTLY_AVAILABLE”: 宏重定义
C:\Program Files (x86)\Microsoft DirectX SDK (June 2010)\Include\dxgitype.h(34,9): warning C4005: “DXGI_ERROR_REMOTE_CLIENT_DISCONNECTED”: 宏重定义
C:\Program Files (x86)\Microsoft DirectX SDK (June 2010)\Include\dxgitype.h(35,9): warning C4005: “DXGI_ERROR_REMOTE_OUTOFMEMORY”: 宏重定义
C:\Program Files (x86)\Microsoft DirectX SDK (June 2010)\Include\d3d11.h(917,9): warning C4005: “D3D11_ERROR_TOO_MANY_UNIQUE_STATE_OBJECTS”: 宏重定义
C:\Program Files (x86)\Microsoft DirectX SDK (June 2010)\Include\d3d11.h(918,9): warning C4005: “D3D11_ERROR_FILE_NOT_FOUND”: 宏重定义
C:\Program Files (x86)\Microsoft DirectX SDK (June 2010)\Include\d3d11.h(919,9): warning C4005: “D3D11_ERROR_TOO_MANY_UNIQUE_VIEW_OBJECTS”: 宏重定义
C:\Program Files (x86)\Microsoft DirectX SDK (June 2010)\Include\d3d11.h(920,9): warning C4005: “D3D11_ERROR_DEFERRED_CONTEXT_MAP_WITHOUT_INITIAL_DISCARD”: 宏重定义
C:\Program Files (x86)\Microsoft DirectX SDK (June 2010)\Include\d3d10.h(608,9): warning C4005: “D3D10_ERROR_TOO_MANY_UNIQUE_STATE_OBJECTS”: 宏重定义
C:\Program Files (x86)\Microsoft DirectX SDK (June 2010)\Include\d3d10.h(609,9): warning C4005: “D3D10_ERROR_FILE_NOT_FOUND”: 宏重定义
F:\STAY8.19完美修复\Media.vcxproj\Source\Overlay\RenderHelper.h(264,51): warning C4267: “参数”: 从“size_t”转换到“int”，可能丢失数据
F:\STAY8.19完美修复\Media.vcxproj\Source\Overlay\RenderHelper.h(448,67): warning C4244: “参数”: 从“float”转换到“int”，可能丢失数据
F:\STAY8.19完美修复\Media.vcxproj\Source\Overlay\RenderHelper.h(503,67): warning C4244: “参数”: 从“float”转换到“int”，可能丢失数据
F:\STAY8.19完美修复\Media.vcxproj\Source\Overlay\RenderHelper.h(516,59): warning C4244: “参数”: 从“int”转换到“float”，可能丢失数据
F:\STAY8.19完美修复\Media.vcxproj\Source\Overlay\RenderHelper.h(541,39): warning C4244: “参数”: 从“int”转换到“float”，可能丢失数据
F:\STAY8.19完美修复\Media.vcxproj\Source\Overlay\RenderHelper.h(542,39): warning C4244: “参数”: 从“int”转换到“float”，可能丢失数据
F:\STAY8.19完美修复\Media.vcxproj\Source\Overlay\HealthBar.h(107,34): warning C4244: “初始化”: 从“double”转换到“float”，可能丢失数据
F:\STAY8.19完美修复\Media.vcxproj\Source\Overlay\HealthBar.h(165,21): warning C4244: “初始化”: 从“double”转换到“float”，可能丢失数据
F:\STAY8.19完美修复\Media.vcxproj\Source\Overlay\HealthBar.h(195,34): warning C4244: “初始化”: 从“double”转换到“float”，可能丢失数据
F:\STAY8.19完美修复\Media.vcxproj\Source\Hack\Decrypt.h(1,1): warning C4819: 该文件包含不能在当前代码页(936)中表示的字符。请将该文件保存为 Unicode 格式以防止数据丢失
F:\STAY8.19完美修复\Media.vcxproj\Source\Hack\Radar.h(92,122): warning C4244: “参数”: 从“int”转换到“float”，可能丢失数据
F:\STAY8.19完美修复\Media.vcxproj\Source\Hack\Radar.h(92,80): warning C4244: “参数”: 从“int”转换到“float”，可能丢失数据
F:\STAY8.19完美修复\Media.vcxproj\Source\Overlay\ESP.h(166,28): warning C4244: “=”: 从“float”转换到“int”，可能丢失数据
F:\STAY8.19完美修复\Media.vcxproj\Source\Overlay\ESP.h(167,38): warning C4244: “=”: 从“float”转换到“int”，可能丢失数据
F:\STAY8.19完美修复\Media.vcxproj\Source\Overlay\ESP.h(175,44): warning C4244: “参数”: 从“int”转换到“float”，可能丢失数据
F:\STAY8.19完美修复\Media.vcxproj\Source\Overlay\ESP.h(181,44): warning C4244: “参数”: 从“int”转换到“float”，可能丢失数据
F:\STAY8.19完美修复\Media.vcxproj\Source\Overlay\ESP.h(196,65): warning C4244: “参数”: 从“int”转换到“float”，可能丢失数据
F:\STAY8.19完美修复\Media.vcxproj\Source\Overlay\ESP.h(222,30): warning C4244: “=”: 从“double”转换到“float”，可能丢失数据
F:\STAY8.19完美修复\Media.vcxproj\Source\Overlay\ESP.h(223,19): warning C4244: “=”: 从“double”转换到“float”，可能丢失数据
F:\STAY8.19完美修复\Media.vcxproj\Source\Overlay\ESP.h(225,44): warning C4244: “参数”: 从“double”转换到“float”，可能丢失数据
F:\STAY8.19完美修复\Media.vcxproj\Source\Overlay\ESP.h(277,141): warning C4244: “参数”: 从“int”转换到“float”，可能丢失数据
F:\STAY8.19完美修复\Media.vcxproj\Source\Overlay\ESP.h(277,108): warning C4244: “参数”: 从“int”转换到“float”，可能丢失数据
F:\STAY8.19完美修复\Media.vcxproj\Source\Overlay\ESP.h(340,114): warning C4244: “参数”: 从“ImU32”转换到“float”，可能丢失数据
F:\STAY8.19完美修复\Media.vcxproj\Source\Overlay\ESP.h(395,131): warning C4244: “参数”: 从“ImU32”转换到“float”，可能丢失数据
F:\STAY8.19完美修复\Media.vcxproj\Source\Overlay\ESP.h(397,238): warning C4244: “参数”: 从“ImU32”转换到“float”，可能丢失数据
F:\STAY8.19完美修复\Media.vcxproj\Source\Overlay\ESP.h(428,38): warning C4305: “初始化”: 从“double”到“float”截断
F:\STAY8.19完美修复\Media.vcxproj\Source\Overlay\ESP.h(471,128): warning C4244: “参数”: 从“const int”转换到“float”，可能丢失数据
F:\STAY8.19完美修复\Media.vcxproj\Source\Overlay\ESP.h(478,26): warning C4244: “参数”: 从“uint64_t”转换到“DWORD”，可能丢失数据
F:\STAY8.19完美修复\Media.vcxproj\Source\Overlay\ESP.h(515,90): warning C4244: “参数”: 从“int”转换到“float”，可能丢失数据
F:\STAY8.19完美修复\Media.vcxproj\Source\Overlay\ESP.h(515,48): warning C4244: “参数”: 从“int”转换到“float”，可能丢失数据
F:\STAY8.19完美修复\Media.vcxproj\Source\Overlay\ESP.h(547,155): warning C4244: “参数”: 从“int”转换到“float”，可能丢失数据
F:\STAY8.19完美修复\Media.vcxproj\Source\Overlay\ESP.h(565,124): warning C4244: “参数”: 从“int”转换到“float”，可能丢失数据
F:\STAY8.19完美修复\Media.vcxproj\Source\Overlay\ESP.h(565,82): warning C4244: “参数”: 从“int”转换到“float”，可能丢失数据
F:\STAY8.19完美修复\Media.vcxproj\Source\Overlay\ESP.h(774,76): warning C4244: “参数”: 从“int”转换到“const float”，可能丢失数据
F:\STAY8.19完美修复\Media.vcxproj\Source\Overlay\ESP.h(792,26): warning C4244: “参数”: 从“uint64_t”转换到“DWORD”，可能丢失数据
F:\STAY8.19完美修复\Media.vcxproj\Source\Overlay\ESP.h(798,26): warning C4244: “参数”: 从“uint64_t”转换到“DWORD”，可能丢失数据
F:\STAY8.19完美修复\Media.vcxproj\Source\Overlay\ESP.h(817,136): warning C4244: “参数”: 从“int”转换到“float”，可能丢失数据
F:\STAY8.19完美修复\Media.vcxproj\Source\Overlay\ESP.h(845,137): warning C4244: “参数”: 从“int”转换到“float”，可能丢失数据
F:\STAY8.19完美修复\Media.vcxproj\Source\Overlay\ESP.h(870,116): warning C4244: “参数”: 从“int”转换到“float”，可能丢失数据
F:\STAY8.19完美修复\Media.vcxproj\Source\Overlay\ESP.h(882,137): warning C4244: “参数”: 从“int”转换到“float”，可能丢失数据
F:\STAY8.19完美修复\Media.vcxproj\Source\Overlay\ESP.h(899,137): warning C4244: “参数”: 从“int”转换到“float”，可能丢失数据
F:\STAY8.19完美修复\Media.vcxproj\Source\Overlay\ESP.h(911,137): warning C4244: “参数”: 从“int”转换到“float”，可能丢失数据
F:\STAY8.19完美修复\Media.vcxproj\Source\Overlay\ESP.h(1007,137): warning C4244: “参数”: 从“int”转换到“float”，可能丢失数据
F:\STAY8.19完美修复\Media.vcxproj\Source\Overlay\ESP.h(1013,136): warning C4244: “参数”: 从“int”转换到“float”，可能丢失数据
F:\STAY8.19完美修复\Media.vcxproj\Source\Overlay\ESP.h(1034,254): warning C4244: “参数”: 从“int”转换到“float”，可能丢失数据
F:\STAY8.19完美修复\Media.vcxproj\Source\Overlay\ESP.h(1034,138): warning C4244: “参数”: 从“int”转换到“float”，可能丢失数据
F:\STAY8.19完美修复\Media.vcxproj\Source\Overlay\ESP.h(1034,96): warning C4244: “参数”: 从“int”转换到“float”，可能丢失数据
F:\STAY8.19完美修复\Media.vcxproj\Source\Overlay\ESP.h(932,7): error C4996: 'strcat': This function or variable may be unsafe. Consider using strcat_s instead. To disable deprecation, use _CRT_SECURE_NO_WARNINGS. See online help for details.
F:\STAY8.19完美修复\Media.vcxproj\Source\Overlay\ESP.h(936,7): error C4996: 'strcat': This function or variable may be unsafe. Consider using strcat_s instead. To disable deprecation, use _CRT_SECURE_NO_WARNINGS. See online help for details.
F:\STAY8.19完美修复\Media.vcxproj\Source\Overlay\ESP.h(938,7): error C4996: 'itoa': The POSIX name for this item is deprecated. Instead, use the ISO C and C++ conformant name: _itoa. See online help for details.
F:\STAY8.19完美修复\Media.vcxproj\Source\Overlay\ESP.h(939,7): error C4996: 'strcat': This function or variable may be unsafe. Consider using strcat_s instead. To disable deprecation, use _CRT_SECURE_NO_WARNINGS. See online help for details.
F:\STAY8.19完美修复\Media.vcxproj\Source\Overlay\ESP.h(943,7): error C4996: 'strcat': This function or variable may be unsafe. Consider using strcat_s instead. To disable deprecation, use _CRT_SECURE_NO_WARNINGS. See online help for details.
F:\STAY8.19完美修复\Media.vcxproj\Source\Overlay\ESP.h(945,7): error C4996: 'itoa': The POSIX name for this item is deprecated. Instead, use the ISO C and C++ conformant name: _itoa. See online help for details.
F:\STAY8.19完美修复\Media.vcxproj\Source\Overlay\ESP.h(946,7): error C4996: 'strcat': This function or variable may be unsafe. Consider using strcat_s instead. To disable deprecation, use _CRT_SECURE_NO_WARNINGS. See online help for details.
F:\STAY8.19完美修复\Media.vcxproj\Source\Overlay\ESP.h(951,7): error C4996: 'strcat': This function or variable may be unsafe. Consider using strcat_s instead. To disable deprecation, use _CRT_SECURE_NO_WARNINGS. See online help for details.
F:\STAY8.19完美修复\Media.vcxproj\Source\Overlay\ESP.h(953,7): error C4996: 'itoa': The POSIX name for this item is deprecated. Instead, use the ISO C and C++ conformant name: _itoa. See online help for details.
F:\STAY8.19完美修复\Media.vcxproj\Source\Overlay\ESP.h(954,7): error C4996: 'strcat': This function or variable may be unsafe. Consider using strcat_s instead. To disable deprecation, use _CRT_SECURE_NO_WARNINGS. See online help for details.
F:\STAY8.19完美修复\Media.vcxproj\Source\Overlay\ESP.h(958,7): error C4996: 'strcat': This function or variable may be unsafe. Consider using strcat_s instead. To disable deprecation, use _CRT_SECURE_NO_WARNINGS. See online help for details.
F:\STAY8.19完美修复\Media.vcxproj\Source\Overlay\ESP.h(960,7): error C4996: 'itoa': The POSIX name for this item is deprecated. Instead, use the ISO C and C++ conformant name: _itoa. See online help for details.
F:\STAY8.19完美修复\Media.vcxproj\Source\Overlay\ESP.h(961,7): error C4996: 'strcat': This function or variable may be unsafe. Consider using strcat_s instead. To disable deprecation, use _CRT_SECURE_NO_WARNINGS. See online help for details.
F:\STAY8.19完美修复\Media.vcxproj\Source\Overlay\ESP.h(965,7): error C4996: 'strcat': This function or variable may be unsafe. Consider using strcat_s instead. To disable deprecation, use _CRT_SECURE_NO_WARNINGS. See online help for details.
F:\STAY8.19完美修复\Media.vcxproj\Source\Overlay\ESP.h(967,7): error C4996: 'itoa': The POSIX name for this item is deprecated. Instead, use the ISO C and C++ conformant name: _itoa. See online help for details.
F:\STAY8.19完美修复\Media.vcxproj\Source\Overlay\ESP.h(968,7): error C4996: 'strcat': This function or variable may be unsafe. Consider using strcat_s instead. To disable deprecation, use _CRT_SECURE_NO_WARNINGS. See online help for details.
F:\STAY8.19完美修复\Media.vcxproj\Source\Overlay\ESP.h(972,7): error C4996: 'strcat': This function or variable may be unsafe. Consider using strcat_s instead. To disable deprecation, use _CRT_SECURE_NO_WARNINGS. See online help for details.
F:\STAY8.19完美修复\Media.vcxproj\Source\Overlay\ESP.h(977,6): error C4996: 'strcat': This function or variable may be unsafe. Consider using strcat_s instead. To disable deprecation, use _CRT_SECURE_NO_WARNINGS. See online help for details.
F:\STAY8.19完美修复\Media.vcxproj\Source\Overlay\ESP.h(1047,23): warning C4244: “=”: 从“double”转换到“float”，可能丢失数据
F:\STAY8.19完美修复\Media.vcxproj\Source\Overlay\ESP.h(1051,55): warning C4244: “=”: 从“double”转换到“float”，可能丢失数据
F:\STAY8.19完美修复\Media.vcxproj\Source\Overlay\ESP.h(1052,55): warning C4244: “=”: 从“double”转换到“float”，可能丢失数据
F:\STAY8.19完美修复\Media.vcxproj\Source\Overlay\ESP.h(1079,24): warning C4244: “=”: 从“double”转换到“float”，可能丢失数据
F:\STAY8.19完美修复\Media.vcxproj\Source\Overlay\ESP.h(1083,56): warning C4244: “=”: 从“double”转换到“float”，可能丢失数据
F:\STAY8.19完美修复\Media.vcxproj\Source\Overlay\ESP.h(1084,56): warning C4244: “=”: 从“double”转换到“float”，可能丢失数据
F:\STAY8.19完美修复\Media.vcxproj\Source\Overlay\ESP.h(1086,71): warning C4244: “=”: 从“double”转换到“float”，可能丢失数据
F:\STAY8.19完美修复\Media.vcxproj\Source\Overlay\ESP.h(1087,71): warning C4244: “=”: 从“double”转换到“float”，可能丢失数据
F:\STAY8.19完美修复\Media.vcxproj\Source\Overlay\ESP.h(1089,71): warning C4244: “=”: 从“double”转换到“float”，可能丢失数据
F:\STAY8.19完美修复\Media.vcxproj\Source\Overlay\ESP.h(1090,71): warning C4244: “=”: 从“double”转换到“float”，可能丢失数据
F:\STAY8.19完美修复\Media.vcxproj\Source\Overlay\ESP.h(1094,22): warning C4244: “初始化”: 从“int”转换到“float”，可能丢失数据
F:\STAY8.19完美修复\Media.vcxproj\Source\Overlay\ESP.h(1150,156): warning C4244: “参数”: 从“int”转换到“float”，可能丢失数据
F:\STAY8.19完美修复\Media.vcxproj\Source\Overlay\ESP.h(1163,22): warning C4244: “初始化”: 从“int”转换到“float”，可能丢失数据
F:\STAY8.19完美修复\Media.vcxproj\Source\Overlay\ESP.h(1219,156): warning C4244: “参数”: 从“int”转换到“float”，可能丢失数据
F:\STAY8.19完美修复\Media.vcxproj\Source\Overlay\ESP.h(1232,22): warning C4244: “初始化”: 从“int”转换到“float”，可能丢失数据
F:\STAY8.19完美修复\Media.vcxproj\Source\Overlay\Overlay.cpp(11,10): warning C4067: 预处理器指令后有意外标记 - 应输入换行符
F:\STAY8.19完美修复\Media.vcxproj\Source\Common\Config.h(408,76): warning C4477: “snprintf”: 格式字符串“%s”需要类型“char *”的参数，但可变参数 1 拥有了类型“std::string”
F:\STAY8.19完美修复\Media.vcxproj\Source\Common\Config.h(413,80): warning C4477: “snprintf”: 格式字符串“%s”需要类型“char *”的参数，但可变参数 1 拥有了类型“std::string”
F:\STAY8.19完美修复\Media.vcxproj\Source\Common\Config.h(418,80): warning C4477: “snprintf”: 格式字符串“%s”需要类型“char *”的参数，但可变参数 1 拥有了类型“std::string”
F:\STAY8.19完美修复\Media.vcxproj\Source\Utils\NetConfig\kmboxNet.h(1,1): warning C4819: 该文件包含不能在当前代码页(936)中表示的字符。请将该文件保存为 Unicode 格式以防止数据丢失
F:\STAY8.19完美修复\Media.vcxproj\Source\Utils\NetConfig\HidTable.h(121,9): warning C4005: “KEY_EXECUTE”: 宏重定义
F:\STAY8.19完美修复\Media.vcxproj\Source\Hack\Players.h(1,1): warning C4819: 该文件包含不能在当前代码页(936)中表示的字符。请将该文件保存为 Unicode 格式以防止数据丢失
F:\STAY8.19完美修复\Media.vcxproj\Source\Hack\Players.h(601,1): warning C4819: 该文件包含不能在当前代码页(936)中表示的字符。请将该文件保存为 Unicode 格式以防止数据丢失
F:\STAY8.19完美修复\Media.vcxproj\Source\Hack\Players.h(295,70): warning C4838: 从“unsigned __int64”转换到“uint32_t”需要收缩转换
F:\STAY8.19完美修复\Media.vcxproj\Source\Hack\Players.h(295,70): warning C4244: “初始化”: 从“unsigned __int64”转换到“uint32_t”，可能丢失数据
F:\STAY8.19完美修复\Media.vcxproj\Source\Hack\Players.h(295,114): warning C4838: 从“unsigned __int64”转换到“uint32_t”需要收缩转换
F:\STAY8.19完美修复\Media.vcxproj\Source\Hack\Players.h(295,114): warning C4244: “初始化”: 从“unsigned __int64”转换到“uint32_t”，可能丢失数据
F:\STAY8.19完美修复\Media.vcxproj\Source\Hack\Players.h(295,158): warning C4838: 从“unsigned __int64”转换到“uint32_t”需要收缩转换
F:\STAY8.19完美修复\Media.vcxproj\Source\Hack\Players.h(295,158): warning C4244: “初始化”: 从“unsigned __int64”转换到“uint32_t”，可能丢失数据
F:\STAY8.19完美修复\Media.vcxproj\Source\Hack\Players.h(295,202): warning C4838: 从“unsigned __int64”转换到“uint32_t”需要收缩转换
F:\STAY8.19完美修复\Media.vcxproj\Source\Hack\Players.h(295,202): warning C4244: “初始化”: 从“unsigned __int64”转换到“uint32_t”，可能丢失数据
F:\STAY8.19完美修复\Media.vcxproj\Source\Hack\Players.h(296,70): warning C4838: 从“unsigned __int64”转换到“uint32_t”需要收缩转换
F:\STAY8.19完美修复\Media.vcxproj\Source\Hack\Players.h(296,70): warning C4244: “初始化”: 从“unsigned __int64”转换到“uint32_t”，可能丢失数据
F:\STAY8.19完美修复\Media.vcxproj\Source\Hack\Players.h(296,114): warning C4838: 从“unsigned __int64”转换到“uint32_t”需要收缩转换
F:\STAY8.19完美修复\Media.vcxproj\Source\Hack\Players.h(296,114): warning C4244: “初始化”: 从“unsigned __int64”转换到“uint32_t”，可能丢失数据
F:\STAY8.19完美修复\Media.vcxproj\Source\Hack\Players.h(296,158): warning C4838: 从“unsigned __int64”转换到“uint32_t”需要收缩转换
F:\STAY8.19完美修复\Media.vcxproj\Source\Hack\Players.h(296,158): warning C4244: “初始化”: 从“unsigned __int64”转换到“uint32_t”，可能丢失数据
F:\STAY8.19完美修复\Media.vcxproj\Source\Hack\Players.h(296,202): warning C4838: 从“unsigned __int64”转换到“uint32_t”需要收缩转换
F:\STAY8.19完美修复\Media.vcxproj\Source\Hack\Players.h(296,202): warning C4244: “初始化”: 从“unsigned __int64”转换到“uint32_t”，可能丢失数据
F:\STAY8.19完美修复\Media.vcxproj\Source\Hack\Players.h(297,70): warning C4838: 从“unsigned __int64”转换到“uint32_t”需要收缩转换
F:\STAY8.19完美修复\Media.vcxproj\Source\Hack\Players.h(297,70): warning C4244: “初始化”: 从“unsigned __int64”转换到“uint32_t”，可能丢失数据
F:\STAY8.19完美修复\Media.vcxproj\Source\Hack\Players.h(297,114): warning C4838: 从“unsigned __int64”转换到“uint32_t”需要收缩转换
F:\STAY8.19完美修复\Media.vcxproj\Source\Hack\Players.h(297,114): warning C4244: “初始化”: 从“unsigned __int64”转换到“uint32_t”，可能丢失数据
F:\STAY8.19完美修复\Media.vcxproj\Source\Hack\Players.h(297,159): warning C4838: 从“unsigned __int64”转换到“uint32_t”需要收缩转换
F:\STAY8.19完美修复\Media.vcxproj\Source\Hack\Players.h(297,159): warning C4244: “初始化”: 从“unsigned __int64”转换到“uint32_t”，可能丢失数据
F:\STAY8.19完美修复\Media.vcxproj\Source\Hack\Players.h(297,204): warning C4838: 从“unsigned __int64”转换到“uint32_t”需要收缩转换
F:\STAY8.19完美修复\Media.vcxproj\Source\Hack\Players.h(297,204): warning C4244: “初始化”: 从“unsigned __int64”转换到“uint32_t”，可能丢失数据
F:\STAY8.19完美修复\Media.vcxproj\Source\Hack\Players.h(298,71): warning C4838: 从“unsigned __int64”转换到“uint32_t”需要收缩转换
F:\STAY8.19完美修复\Media.vcxproj\Source\Hack\Players.h(298,71): warning C4244: “初始化”: 从“unsigned __int64”转换到“uint32_t”，可能丢失数据
F:\STAY8.19完美修复\Media.vcxproj\Source\Hack\Players.h(298,116): warning C4838: 从“unsigned __int64”转换到“uint32_t”需要收缩转换
F:\STAY8.19完美修复\Media.vcxproj\Source\Hack\Players.h(298,116): warning C4244: “初始化”: 从“unsigned __int64”转换到“uint32_t”，可能丢失数据
F:\STAY8.19完美修复\Media.vcxproj\Source\Hack\Players.h(298,161): warning C4838: 从“unsigned __int64”转换到“uint32_t”需要收缩转换
F:\STAY8.19完美修复\Media.vcxproj\Source\Hack\Players.h(298,161): warning C4244: “初始化”: 从“unsigned __int64”转换到“uint32_t”，可能丢失数据
F:\STAY8.19完美修复\Media.vcxproj\Source\Hack\Players.h(298,206): warning C4838: 从“unsigned __int64”转换到“uint32_t”需要收缩转换
F:\STAY8.19完美修复\Media.vcxproj\Source\Hack\Players.h(298,206): warning C4244: “初始化”: 从“unsigned __int64”转换到“uint32_t”，可能丢失数据
F:\STAY8.19完美修复\Media.vcxproj\Source\Hack\Players.h(601,41): warning C4244: “=”: 从“float”转换到“int”，可能丢失数据
F:\STAY8.19完美修复\Media.vcxproj\Source\Hack\Players.h(602,46): warning C4244: “=”: 从“float”转换到“int”，可能丢失数据
F:\STAY8.19完美修复\Media.vcxproj\Source\Hack\Players.h(756,153): warning C4244: “参数”: 从“int”转换到“float”，可能丢失数据
F:\STAY8.19完美修复\Media.vcxproj\Source\Hack\Players.h(756,111): warning C4244: “参数”: 从“int”转换到“float”，可能丢失数据
F:\STAY8.19完美修复\Media.vcxproj\Source\Hack\Players.h(787,141): warning C4244: “参数”: 从“int”转换到“float”，可能丢失数据
F:\STAY8.19完美修复\Media.vcxproj\Source\Hack\Players.h(787,99): warning C4244: “参数”: 从“int”转换到“float”，可能丢失数据
F:\STAY8.19完美修复\Media.vcxproj\Source\Overlay\Menu\MenuAimBot.h(59,66): warning C4305: “参数”: 从“double”到“float”截断
F:\STAY8.19完美修复\Media.vcxproj\Source\Overlay\Menu\MenuAimBot.h(60,66): warning C4305: “参数”: 从“double”到“float”截断
F:\STAY8.19完美修复\Media.vcxproj\Source\Overlay\Menu\MenuAimBot.h(62,79): warning C4305: “参数”: 从“double”到“float”截断
F:\STAY8.19完美修复\Media.vcxproj\Source\Overlay\Menu\MenuAimBot.h(101,75): warning C4305: “参数”: 从“double”到“float”截断
F:\STAY8.19完美修复\Media.vcxproj\Source\Overlay\Menu\MenuAimBot.h(154,76): warning C4244: “参数”: 从“int”转换到“float”，可能丢失数据
F:\STAY8.19完美修复\Media.vcxproj\Source\Overlay\Menu\MenuAimBot.h(182,116): warning C4267: “参数”: 从“size_t”转换到“int”，可能丢失数据
F:\STAY8.19完美修复\Media.vcxproj\Source\Overlay\Menu\MenuESP.h(266,123): warning C4244: “=”: 从“float”转换到“int”，可能丢失数据
F:\STAY8.19完美修复\Media.vcxproj\Source\Overlay\Menu\MenuESP.h(267,124): warning C4244: “=”: 从“float”转换到“int”，可能丢失数据
F:\STAY8.19完美修复\Media.vcxproj\Source\Overlay\Menu\MenuWebRadar.h(52,21): error C2664: “HINSTANCE ShellExecuteW(HWND,LPCWSTR,LPCWSTR,LPCWSTR,LPCWSTR,INT)”: 无法将参数 3 从“const char *”转换为“LPCWSTR”
F:\STAY8.19完美修复\Media.vcxproj\Source\Overlay\Map.h(43,61): warning C4244: “参数”: 从“LONG”转换到“float”，可能丢失数据
F:\STAY8.19完美修复\Media.vcxproj\Source\Overlay\Map.h(43,46): warning C4244: “参数”: 从“LONG”转换到“float”，可能丢失数据
  Texture.cpp
C:\Program Files (x86)\Microsoft DirectX SDK (June 2010)\Include\dxgitype.h(12,9): warning C4005: “DXGI_STATUS_OCCLUDED”: 宏重定义
C:\Program Files (x86)\Microsoft DirectX SDK (June 2010)\Include\dxgitype.h(13,9): warning C4005: “DXGI_STATUS_CLIPPED”: 宏重定义
C:\Program Files (x86)\Microsoft DirectX SDK (June 2010)\Include\dxgitype.h(14,9): warning C4005: “DXGI_STATUS_NO_REDIRECTION”: 宏重定义
C:\Program Files (x86)\Microsoft DirectX SDK (June 2010)\Include\dxgitype.h(15,9): warning C4005: “DXGI_STATUS_NO_DESKTOP_ACCESS”: 宏重定义
C:\Program Files (x86)\Microsoft DirectX SDK (June 2010)\Include\dxgitype.h(16,9): warning C4005: “DXGI_STATUS_GRAPHICS_VIDPN_SOURCE_IN_USE”: 宏重定义
C:\Program Files (x86)\Microsoft DirectX SDK (June 2010)\Include\dxgitype.h(17,9): warning C4005: “DXGI_STATUS_MODE_CHANGED”: 宏重定义
C:\Program Files (x86)\Microsoft DirectX SDK (June 2010)\Include\dxgitype.h(18,9): warning C4005: “DXGI_STATUS_MODE_CHANGE_IN_PROGRESS”: 宏重定义
C:\Program Files (x86)\Microsoft DirectX SDK (June 2010)\Include\dxgitype.h(21,9): warning C4005: “DXGI_ERROR_INVALID_CALL”: 宏重定义
C:\Program Files (x86)\Microsoft DirectX SDK (June 2010)\Include\dxgitype.h(22,9): warning C4005: “DXGI_ERROR_NOT_FOUND”: 宏重定义
C:\Program Files (x86)\Microsoft DirectX SDK (June 2010)\Include\dxgitype.h(23,9): warning C4005: “DXGI_ERROR_MORE_DATA”: 宏重定义
C:\Program Files (x86)\Microsoft DirectX SDK (June 2010)\Include\dxgitype.h(24,9): warning C4005: “DXGI_ERROR_UNSUPPORTED”: 宏重定义
C:\Program Files (x86)\Microsoft DirectX SDK (June 2010)\Include\dxgitype.h(25,9): warning C4005: “DXGI_ERROR_DEVICE_REMOVED”: 宏重定义
C:\Program Files (x86)\Microsoft DirectX SDK (June 2010)\Include\dxgitype.h(26,9): warning C4005: “DXGI_ERROR_DEVICE_HUNG”: 宏重定义
C:\Program Files (x86)\Microsoft DirectX SDK (June 2010)\Include\dxgitype.h(27,9): warning C4005: “DXGI_ERROR_DEVICE_RESET”: 宏重定义
C:\Program Files (x86)\Microsoft DirectX SDK (June 2010)\Include\dxgitype.h(28,9): warning C4005: “DXGI_ERROR_WAS_STILL_DRAWING”: 宏重定义
C:\Program Files (x86)\Microsoft DirectX SDK (June 2010)\Include\dxgitype.h(29,9): warning C4005: “DXGI_ERROR_FRAME_STATISTICS_DISJOINT”: 宏重定义
C:\Program Files (x86)\Microsoft DirectX SDK (June 2010)\Include\dxgitype.h(30,9): warning C4005: “DXGI_ERROR_GRAPHICS_VIDPN_SOURCE_IN_USE”: 宏重定义
C:\Program Files (x86)\Microsoft DirectX SDK (June 2010)\Include\dxgitype.h(31,9): warning C4005: “DXGI_ERROR_DRIVER_INTERNAL_ERROR”: 宏重定义
C:\Program Files (x86)\Microsoft DirectX SDK (June 2010)\Include\dxgitype.h(32,9): warning C4005: “DXGI_ERROR_NONEXCLUSIVE”: 宏重定义
C:\Program Files (x86)\Microsoft DirectX SDK (June 2010)\Include\dxgitype.h(33,9): warning C4005: “DXGI_ERROR_NOT_CURRENTLY_AVAILABLE”: 宏重定义
C:\Program Files (x86)\Microsoft DirectX SDK (June 2010)\Include\dxgitype.h(34,9): warning C4005: “DXGI_ERROR_REMOTE_CLIENT_DISCONNECTED”: 宏重定义
C:\Program Files (x86)\Microsoft DirectX SDK (June 2010)\Include\dxgitype.h(35,9): warning C4005: “DXGI_ERROR_REMOTE_OUTOFMEMORY”: 宏重定义
C:\Program Files (x86)\Microsoft DirectX SDK (June 2010)\Include\d3d11.h(917,9): warning C4005: “D3D11_ERROR_TOO_MANY_UNIQUE_STATE_OBJECTS”: 宏重定义
C:\Program Files (x86)\Microsoft DirectX SDK (June 2010)\Include\d3d11.h(918,9): warning C4005: “D3D11_ERROR_FILE_NOT_FOUND”: 宏重定义
C:\Program Files (x86)\Microsoft DirectX SDK (June 2010)\Include\d3d11.h(919,9): warning C4005: “D3D11_ERROR_TOO_MANY_UNIQUE_VIEW_OBJECTS”: 宏重定义
C:\Program Files (x86)\Microsoft DirectX SDK (June 2010)\Include\d3d11.h(920,9): warning C4005: “D3D11_ERROR_DEFERRED_CONTEXT_MAP_WITHOUT_INITIAL_DISCARD”: 宏重定义
C:\Program Files (x86)\Microsoft DirectX SDK (June 2010)\Include\d3d10.h(608,9): warning C4005: “D3D10_ERROR_TOO_MANY_UNIQUE_STATE_OBJECTS”: 宏重定义
C:\Program Files (x86)\Microsoft DirectX SDK (June 2010)\Include\d3d10.h(609,9): warning C4005: “D3D10_ERROR_FILE_NOT_FOUND”: 宏重定义
  正在生成代码...
  正在编译...
  KmBox.cpp
F:\STAY8.19完美修复\Media.vcxproj\Source\Utils\COM.h(76,9): error C4996: 'strcpy': This function or variable may be unsafe. Consider using strcpy_s instead. To disable deprecation, use _CRT_SECURE_NO_WARNINGS. See online help for details.
F:\STAY8.19完美修复\Media.vcxproj\Source\Utils\COM.h(77,9): error C4996: '_ltoa': This function or variable may be unsafe. Consider using _ltoa_s instead. To disable deprecation, use _CRT_SECURE_NO_WARNINGS. See online help for details.
F:\STAY8.19完美修复\Media.vcxproj\Source\Utils\COM.h(78,9): error C4996: 'strcat': This function or variable may be unsafe. Consider using strcat_s instead. To disable deprecation, use _CRT_SECURE_NO_WARNINGS. See online help for details.
F:\STAY8.19完美修复\Media.vcxproj\Source\Utils\COM.h(96,18): error C2664: “BOOL BuildCommDCBW(LPCWSTR,LPDCB)”: 无法将参数 1 从“char *”转换为“LPCWSTR”
F:\STAY8.19完美修复\Media.vcxproj\Source\Utils\COM.h(193,23): error C2664: “HANDLE CreateFileW(LPCWSTR,DWORD,DWORD,LPSECURITY_ATTRIBUTES,DWORD,DWORD,HANDLE)”: 无法将参数 1 从“char [20]”转换为“LPCWSTR”
F:\STAY8.19完美修复\Media.vcxproj\Source\Utils\COM.h(257,33): warning C4267: “参数”: 从“size_t”转换到“int”，可能丢失数据
F:\STAY8.19完美修复\Media.vcxproj\Source\Utils\COM.h(283,23): error C2664: “HANDLE CreateFileW(LPCWSTR,DWORD,DWORD,LPSECURITY_ATTRIBUTES,DWORD,DWORD,HANDLE)”: 无法将参数 1 从“char [20]”转换为“LPCWSTR”
F:\STAY8.19完美修复\Media.vcxproj\Source\Utils\COM.h(380,33): warning C4267: “参数”: 从“size_t”转换到“int”，可能丢失数据
F:\STAY8.19完美修复\Media.vcxproj\Source\Utils\COM.h(416,42): warning C4267: “参数”: 从“size_t”转换到“DWORD”，可能丢失数据
F:\STAY8.19完美修复\Media.vcxproj\Source\Utils\COM.h(399,13): error C4996: 'sscanf': This function or variable may be unsafe. Consider using sscanf_s instead. To disable deprecation, use _CRT_SECURE_NO_WARNINGS. See online help for details.
F:\STAY8.19完美修复\Media.vcxproj\Source\Utils\COM.h(625,34): warning C4018: “>”: 有符号/无符号不匹配
F:\STAY8.19完美修复\Media.vcxproj\Source\Utils\Engine.h(1,1): warning C4819: 该文件包含不能在当前代码页(936)中表示的字符。请将该文件保存为 Unicode 格式以防止数据丢失
F:\STAY8.19完美修复\Media.vcxproj\Include\DMALibrary\libs\leechcore.h(120,15): warning C4200: 使用了非标准扩展: 结构/联合中的零大小数组
F:\STAY8.19完美修复\Media.vcxproj\Include\DMALibrary\libs\leechcore.h(473,14): warning C4200: 使用了非标准扩展: 结构/联合中的零大小数组
F:\STAY8.19完美修复\Media.vcxproj\Include\DMALibrary\libs\leechcore.h(482,14): warning C4200: 使用了非标准扩展: 结构/联合中的零大小数组
F:\STAY8.19完美修复\Media.vcxproj\Include\DMALibrary\libs\vmmdll.h(392,39): warning C4200: 使用了非标准扩展: 结构/联合中的零大小数组
F:\STAY8.19完美修复\Media.vcxproj\Include\DMALibrary\libs\vmmdll.h(1454,29): warning C4200: 使用了非标准扩展: 结构/联合中的零大小数组
F:\STAY8.19完美修复\Media.vcxproj\Include\DMALibrary\libs\vmmdll.h(1464,29): warning C4200: 使用了非标准扩展: 结构/联合中的零大小数组
F:\STAY8.19完美修复\Media.vcxproj\Include\DMALibrary\libs\vmmdll.h(1471,31): warning C4200: 使用了非标准扩展: 结构/联合中的零大小数组
F:\STAY8.19完美修复\Media.vcxproj\Include\DMALibrary\libs\vmmdll.h(1480,32): warning C4200: 使用了非标准扩展: 结构/联合中的零大小数组
F:\STAY8.19完美修复\Media.vcxproj\Include\DMALibrary\libs\vmmdll.h(1489,40): warning C4200: 使用了非标准扩展: 结构/联合中的零大小数组
F:\STAY8.19完美修复\Media.vcxproj\Include\DMALibrary\libs\vmmdll.h(1505,29): warning C4200: 使用了非标准扩展: 结构/联合中的零大小数组
F:\STAY8.19完美修复\Media.vcxproj\Include\DMALibrary\libs\vmmdll.h(1515,29): warning C4200: 使用了非标准扩展: 结构/联合中的零大小数组
F:\STAY8.19完美修复\Media.vcxproj\Include\DMALibrary\libs\vmmdll.h(1524,30): warning C4200: 使用了非标准扩展: 结构/联合中的零大小数组
F:\STAY8.19完美修复\Media.vcxproj\Include\DMALibrary\libs\vmmdll.h(1532,35): warning C4200: 使用了非标准扩展: 结构/联合中的零大小数组
F:\STAY8.19完美修复\Media.vcxproj\Include\DMALibrary\libs\vmmdll.h(1539,32): warning C4200: 使用了非标准扩展: 结构/联合中的零大小数组
F:\STAY8.19完美修复\Media.vcxproj\Include\DMALibrary\libs\vmmdll.h(1548,32): warning C4200: 使用了非标准扩展: 结构/联合中的零大小数组
F:\STAY8.19完美修复\Media.vcxproj\Include\DMALibrary\libs\vmmdll.h(1559,30): warning C4200: 使用了非标准扩展: 结构/联合中的零大小数组
F:\STAY8.19完美修复\Media.vcxproj\Include\DMALibrary\libs\vmmdll.h(1568,29): warning C4200: 使用了非标准扩展: 结构/联合中的零大小数组
F:\STAY8.19完美修复\Media.vcxproj\Include\DMALibrary\libs\vmmdll.h(1576,33): warning C4200: 使用了非标准扩展: 结构/联合中的零大小数组
F:\STAY8.19完美修复\Media.vcxproj\Include\DMALibrary\libs\vmmdll.h(1585,30): warning C4200: 使用了非标准扩展: 结构/联合中的零大小数组
F:\STAY8.19完美修复\Media.vcxproj\Include\DMALibrary\libs\vmmdll.h(1594,28): warning C4200: 使用了非标准扩展: 结构/联合中的零大小数组
F:\STAY8.19完美修复\Media.vcxproj\Include\DMALibrary\libs\vmmdll.h(1603,33): warning C4200: 使用了非标准扩展: 结构/联合中的零大小数组
F:\STAY8.19完美修复\Media.vcxproj\Include\DMALibrary\libs\vmmdll.h(2138,29): warning C4200: 使用了非标准扩展: 结构/联合中的零大小数组
F:\STAY8.19完美修复\Media.vcxproj\Include\DMALibrary\Memory\Registry.h(25,2): error C4996: 'wcstombs': This function or variable may be unsafe. Consider using wcstombs_s instead. To disable deprecation, use _CRT_SECURE_NO_WARNINGS. See online help for details.
F:\STAY8.19完美修复\Media.vcxproj\Source\Utils\Engine.h(280,17): warning C4267: “=”: 从“size_t”转换到“int32_t”，可能丢失数据
F:\STAY8.19完美修复\Media.vcxproj\Source\Utils\Engine.h(482,8): warning C4099: “FString”: 类型名称以前使用“struct”现在使用的是“class”
F:\STAY8.19完美修复\Media.vcxproj\Source\Utils\Engine.h(483,8): warning C4099: “FString”: 类型名称以前使用“struct”现在使用的是“class”
F:\STAY8.19完美修复\Media.vcxproj\Source\Utils\Engine.h(488,8): warning C4099: “FString”: 类型名称以前使用“struct”现在使用的是“class”
F:\STAY8.19完美修复\Media.vcxproj\Source\Utils\Engine.h(489,8): warning C4099: “FString”: 类型名称以前使用“struct”现在使用的是“class”
F:\STAY8.19完美修复\Media.vcxproj\Source\Utils\Engine.h(490,8): warning C4099: “FString”: 类型名称以前使用“struct”现在使用的是“class”
F:\STAY8.19完美修复\Media.vcxproj\Source\Utils\Engine.h(491,8): warning C4099: “FString”: 类型名称以前使用“struct”现在使用的是“class”
F:\STAY8.19完美修复\Media.vcxproj\Source\Utils\Engine.h(492,8): warning C4099: “FString”: 类型名称以前使用“struct”现在使用的是“class”
F:\STAY8.19完美修复\Media.vcxproj\Source\Utils\Engine.h(493,8): warning C4099: “FString”: 类型名称以前使用“struct”现在使用的是“class”
  Lurker.cpp
F:\STAY8.19完美修复\Media.vcxproj\Source\Utils\COM.h(76,9): error C4996: 'strcpy': This function or variable may be unsafe. Consider using strcpy_s instead. To disable deprecation, use _CRT_SECURE_NO_WARNINGS. See online help for details.
F:\STAY8.19完美修复\Media.vcxproj\Source\Utils\COM.h(77,9): error C4996: '_ltoa': This function or variable may be unsafe. Consider using _ltoa_s instead. To disable deprecation, use _CRT_SECURE_NO_WARNINGS. See online help for details.
F:\STAY8.19完美修复\Media.vcxproj\Source\Utils\COM.h(78,9): error C4996: 'strcat': This function or variable may be unsafe. Consider using strcat_s instead. To disable deprecation, use _CRT_SECURE_NO_WARNINGS. See online help for details.
F:\STAY8.19完美修复\Media.vcxproj\Source\Utils\COM.h(96,18): error C2664: “BOOL BuildCommDCBW(LPCWSTR,LPDCB)”: 无法将参数 1 从“char *”转换为“LPCWSTR”
F:\STAY8.19完美修复\Media.vcxproj\Source\Utils\COM.h(193,23): error C2664: “HANDLE CreateFileW(LPCWSTR,DWORD,DWORD,LPSECURITY_ATTRIBUTES,DWORD,DWORD,HANDLE)”: 无法将参数 1 从“char [20]”转换为“LPCWSTR”
F:\STAY8.19完美修复\Media.vcxproj\Source\Utils\COM.h(257,33): warning C4267: “参数”: 从“size_t”转换到“int”，可能丢失数据
F:\STAY8.19完美修复\Media.vcxproj\Source\Utils\COM.h(283,23): error C2664: “HANDLE CreateFileW(LPCWSTR,DWORD,DWORD,LPSECURITY_ATTRIBUTES,DWORD,DWORD,HANDLE)”: 无法将参数 1 从“char [20]”转换为“LPCWSTR”
F:\STAY8.19完美修复\Media.vcxproj\Source\Utils\COM.h(380,33): warning C4267: “参数”: 从“size_t”转换到“int”，可能丢失数据
F:\STAY8.19完美修复\Media.vcxproj\Source\Utils\COM.h(416,42): warning C4267: “参数”: 从“size_t”转换到“DWORD”，可能丢失数据
F:\STAY8.19完美修复\Media.vcxproj\Source\Utils\COM.h(399,13): error C4996: 'sscanf': This function or variable may be unsafe. Consider using sscanf_s instead. To disable deprecation, use _CRT_SECURE_NO_WARNINGS. See online help for details.
F:\STAY8.19完美修复\Media.vcxproj\Source\Utils\COM.h(625,34): warning C4018: “>”: 有符号/无符号不匹配
F:\STAY8.19完美修复\Media.vcxproj\Source\Utils\Lurker.cpp(23,5): error C4996: 'sprintf': This function or variable may be unsafe. Consider using sprintf_s instead. To disable deprecation, use _CRT_SECURE_NO_WARNINGS. See online help for details.
F:\STAY8.19完美修复\Media.vcxproj\Source\Utils\Lurker.cpp(24,5): error C4996: 'sprintf': This function or variable may be unsafe. Consider using sprintf_s instead. To disable deprecation, use _CRT_SECURE_NO_WARNINGS. See online help for details.
F:\STAY8.19完美修复\Media.vcxproj\Source\Utils\Lurker.cpp(27,5): error C4996: 'sprintf': This function or variable may be unsafe. Consider using sprintf_s instead. To disable deprecation, use _CRT_SECURE_NO_WARNINGS. See online help for details.
  MoBox.cpp
F:\STAY8.19完美修复\Media.vcxproj\Source\Utils\Engine.h(1,1): warning C4819: 该文件包含不能在当前代码页(936)中表示的字符。请将该文件保存为 Unicode 格式以防止数据丢失
F:\STAY8.19完美修复\Media.vcxproj\Include\DMALibrary\libs\leechcore.h(120,15): warning C4200: 使用了非标准扩展: 结构/联合中的零大小数组
F:\STAY8.19完美修复\Media.vcxproj\Include\DMALibrary\libs\leechcore.h(473,14): warning C4200: 使用了非标准扩展: 结构/联合中的零大小数组
F:\STAY8.19完美修复\Media.vcxproj\Include\DMALibrary\libs\leechcore.h(482,14): warning C4200: 使用了非标准扩展: 结构/联合中的零大小数组
F:\STAY8.19完美修复\Media.vcxproj\Include\DMALibrary\libs\vmmdll.h(392,39): warning C4200: 使用了非标准扩展: 结构/联合中的零大小数组
F:\STAY8.19完美修复\Media.vcxproj\Include\DMALibrary\libs\vmmdll.h(1454,29): warning C4200: 使用了非标准扩展: 结构/联合中的零大小数组
F:\STAY8.19完美修复\Media.vcxproj\Include\DMALibrary\libs\vmmdll.h(1464,29): warning C4200: 使用了非标准扩展: 结构/联合中的零大小数组
F:\STAY8.19完美修复\Media.vcxproj\Include\DMALibrary\libs\vmmdll.h(1471,31): warning C4200: 使用了非标准扩展: 结构/联合中的零大小数组
F:\STAY8.19完美修复\Media.vcxproj\Include\DMALibrary\libs\vmmdll.h(1480,32): warning C4200: 使用了非标准扩展: 结构/联合中的零大小数组
F:\STAY8.19完美修复\Media.vcxproj\Include\DMALibrary\libs\vmmdll.h(1489,40): warning C4200: 使用了非标准扩展: 结构/联合中的零大小数组
F:\STAY8.19完美修复\Media.vcxproj\Include\DMALibrary\libs\vmmdll.h(1505,29): warning C4200: 使用了非标准扩展: 结构/联合中的零大小数组
F:\STAY8.19完美修复\Media.vcxproj\Include\DMALibrary\libs\vmmdll.h(1515,29): warning C4200: 使用了非标准扩展: 结构/联合中的零大小数组
F:\STAY8.19完美修复\Media.vcxproj\Include\DMALibrary\libs\vmmdll.h(1524,30): warning C4200: 使用了非标准扩展: 结构/联合中的零大小数组
F:\STAY8.19完美修复\Media.vcxproj\Include\DMALibrary\libs\vmmdll.h(1532,35): warning C4200: 使用了非标准扩展: 结构/联合中的零大小数组
F:\STAY8.19完美修复\Media.vcxproj\Include\DMALibrary\libs\vmmdll.h(1539,32): warning C4200: 使用了非标准扩展: 结构/联合中的零大小数组
F:\STAY8.19完美修复\Media.vcxproj\Include\DMALibrary\libs\vmmdll.h(1548,32): warning C4200: 使用了非标准扩展: 结构/联合中的零大小数组
F:\STAY8.19完美修复\Media.vcxproj\Include\DMALibrary\libs\vmmdll.h(1559,30): warning C4200: 使用了非标准扩展: 结构/联合中的零大小数组
F:\STAY8.19完美修复\Media.vcxproj\Include\DMALibrary\libs\vmmdll.h(1568,29): warning C4200: 使用了非标准扩展: 结构/联合中的零大小数组
F:\STAY8.19完美修复\Media.vcxproj\Include\DMALibrary\libs\vmmdll.h(1576,33): warning C4200: 使用了非标准扩展: 结构/联合中的零大小数组
F:\STAY8.19完美修复\Media.vcxproj\Include\DMALibrary\libs\vmmdll.h(1585,30): warning C4200: 使用了非标准扩展: 结构/联合中的零大小数组
F:\STAY8.19完美修复\Media.vcxproj\Include\DMALibrary\libs\vmmdll.h(1594,28): warning C4200: 使用了非标准扩展: 结构/联合中的零大小数组
F:\STAY8.19完美修复\Media.vcxproj\Include\DMALibrary\libs\vmmdll.h(1603,33): warning C4200: 使用了非标准扩展: 结构/联合中的零大小数组
F:\STAY8.19完美修复\Media.vcxproj\Include\DMALibrary\libs\vmmdll.h(2138,29): warning C4200: 使用了非标准扩展: 结构/联合中的零大小数组
F:\STAY8.19完美修复\Media.vcxproj\Include\DMALibrary\Memory\Registry.h(25,2): error C4996: 'wcstombs': This function or variable may be unsafe. Consider using wcstombs_s instead. To disable deprecation, use _CRT_SECURE_NO_WARNINGS. See online help for details.
F:\STAY8.19完美修复\Media.vcxproj\Source\Utils\Engine.h(280,17): warning C4267: “=”: 从“size_t”转换到“int32_t”，可能丢失数据
F:\STAY8.19完美修复\Media.vcxproj\Source\Utils\Engine.h(482,8): warning C4099: “FString”: 类型名称以前使用“struct”现在使用的是“class”
F:\STAY8.19完美修复\Media.vcxproj\Source\Utils\Engine.h(483,8): warning C4099: “FString”: 类型名称以前使用“struct”现在使用的是“class”
F:\STAY8.19完美修复\Media.vcxproj\Source\Utils\Engine.h(488,8): warning C4099: “FString”: 类型名称以前使用“struct”现在使用的是“class”
F:\STAY8.19完美修复\Media.vcxproj\Source\Utils\Engine.h(489,8): warning C4099: “FString”: 类型名称以前使用“struct”现在使用的是“class”
F:\STAY8.19完美修复\Media.vcxproj\Source\Utils\Engine.h(490,8): warning C4099: “FString”: 类型名称以前使用“struct”现在使用的是“class”
F:\STAY8.19完美修复\Media.vcxproj\Source\Utils\Engine.h(491,8): warning C4099: “FString”: 类型名称以前使用“struct”现在使用的是“class”
F:\STAY8.19完美修复\Media.vcxproj\Source\Utils\Engine.h(492,8): warning C4099: “FString”: 类型名称以前使用“struct”现在使用的是“class”
F:\STAY8.19完美修复\Media.vcxproj\Source\Utils\Engine.h(493,8): warning C4099: “FString”: 类型名称以前使用“struct”现在使用的是“class”
F:\STAY8.19完美修复\Media.vcxproj\Source\Utils\MoBox.cpp(21,13): error C2664: “HMODULE LoadLibraryW(LPCWSTR)”: 无法将参数 1 从“const char [11]”转换为“LPCWSTR”
  kmboxNet.cpp
F:\STAY8.19完美修复\Media.vcxproj\Source\Utils\NetConfig\kmboxNet.cpp(1,1): warning C4819: 该文件包含不能在当前代码页(936)中表示的字符。请将该文件保存为 Unicode 格式以防止数据丢失
F:\STAY8.19完美修复\Media.vcxproj\Source\Utils\NetConfig\kmboxNet.h(1,1): warning C4819: 该文件包含不能在当前代码页(936)中表示的字符。请将该文件保存为 Unicode 格式以防止数据丢失
F:\STAY8.19完美修复\Media.vcxproj\Source\Utils\NetConfig\HidTable.h(121,9): warning C4005: “KEY_EXECUTE”: 宏重定义
F:\STAY8.19完美修复\Media.vcxproj\Source\Utils\NetConfig\kmboxNet.cpp(509,17): warning C4553: “==”: 未使用表达式结果；是否打算使用“=”?
F:\STAY8.19完美修复\Media.vcxproj\Source\Utils\NetConfig\kmboxNet.cpp(859,1): warning C4819: 该文件包含不能在当前代码页(936)中表示的字符。请将该文件保存为 Unicode 格式以防止数据丢失
  w3c.cpp
F:\STAY8.19完美修复\Media.vcxproj\Source\Utils\w3c\w3c.cpp(50,19): warning C4477: “sprintf”: 格式字符串“%s”需要类型“char *”的参数，但可变参数 3 拥有了类型“LPTSTR”
F:\STAY8.19完美修复\Media.vcxproj\Source\Utils\w3c\w3c.cpp(92,19): warning C4477: “sprintf”: 格式字符串“%s”需要类型“char *”的参数，但可变参数 3 拥有了类型“LPTSTR”
F:\STAY8.19完美修复\Media.vcxproj\Source\Utils\w3c\w3c.cpp(148,31): warning C4244: “参数”: 从“long”转换到“INTERNET_PORT”，可能丢失数据
F:\STAY8.19完美修复\Media.vcxproj\Source\Utils\w3c\w3c.cpp(156,31): warning C4244: “参数”: 从“long”转换到“INTERNET_PORT”，可能丢失数据
F:\STAY8.19完美修复\Media.vcxproj\Source\Utils\w3c\w3c.cpp(164,31): warning C4244: “参数”: 从“long”转换到“INTERNET_PORT”，可能丢失数据
F:\STAY8.19完美修复\Media.vcxproj\Source\Utils\w3c\w3c.cpp(1044,19): warning C4311: “reinterpret_cast”: 从“AsyncW3Client *”到“unsigned long”的指针截断
F:\STAY8.19完美修复\Media.vcxproj\Source\Utils\w3c\w3c.cpp(1044,19): warning C4302: “reinterpret_cast”: 从“AsyncW3Client *”到“unsigned long”截断
F:\STAY8.19完美修复\Media.vcxproj\Source\Utils\w3c\w3c.cpp(1040,31): warning C4244: “参数”: 从“long”转换到“INTERNET_PORT”，可能丢失数据
F:\STAY8.19完美修复\Media.vcxproj\Source\Utils\w3c\w3c.cpp(1052,19): warning C4311: “reinterpret_cast”: 从“AsyncW3Client *”到“unsigned long”的指针截断
F:\STAY8.19完美修复\Media.vcxproj\Source\Utils\w3c\w3c.cpp(1052,19): warning C4302: “reinterpret_cast”: 从“AsyncW3Client *”到“unsigned long”截断
F:\STAY8.19完美修复\Media.vcxproj\Source\Utils\w3c\w3c.cpp(1048,31): warning C4244: “参数”: 从“long”转换到“INTERNET_PORT”，可能丢失数据
F:\STAY8.19完美修复\Media.vcxproj\Source\Utils\w3c\w3c.cpp(1060,19): warning C4311: “reinterpret_cast”: 从“AsyncW3Client *”到“unsigned long”的指针截断
F:\STAY8.19完美修复\Media.vcxproj\Source\Utils\w3c\w3c.cpp(1060,19): warning C4302: “reinterpret_cast”: 从“AsyncW3Client *”到“unsigned long”截断
F:\STAY8.19完美修复\Media.vcxproj\Source\Utils\w3c\w3c.cpp(1056,31): warning C4244: “参数”: 从“long”转换到“INTERNET_PORT”，可能丢失数据
F:\STAY8.19完美修复\Media.vcxproj\Source\Utils\w3c\w3c.cpp(1129,17): warning C4311: “reinterpret_cast”: 从“AsyncW3Client *”到“unsigned long”的指针截断
F:\STAY8.19完美修复\Media.vcxproj\Source\Utils\w3c\w3c.cpp(1129,17): warning C4302: “reinterpret_cast”: 从“AsyncW3Client *”到“unsigned long”截断
F:\STAY8.19完美修复\Media.vcxproj\Source\Utils\w3c\w3c.cpp(1203,17): warning C4311: “reinterpret_cast”: 从“AsyncW3Client *”到“unsigned long”的指针截断
F:\STAY8.19完美修复\Media.vcxproj\Source\Utils\w3c\w3c.cpp(1203,17): warning C4302: “reinterpret_cast”: 从“AsyncW3Client *”到“unsigned long”截断
F:\STAY8.19完美修复\Media.vcxproj\Source\Utils\w3c\w3c.cpp(1251,78): warning C4311: “reinterpret_cast”: 从“AsyncW3Client *”到“unsigned long”的指针截断
F:\STAY8.19完美修复\Media.vcxproj\Source\Utils\w3c\w3c.cpp(1251,78): warning C4302: “reinterpret_cast”: 从“AsyncW3Client *”到“unsigned long”截断
F:\STAY8.19完美修复\Media.vcxproj\Source\Utils\w3c\w3c.cpp(1262,67): warning C4311: “reinterpret_cast”: 从“AsyncW3Client *”到“unsigned long”的指针截断
F:\STAY8.19完美修复\Media.vcxproj\Source\Utils\w3c\w3c.cpp(1262,67): warning C4302: “reinterpret_cast”: 从“AsyncW3Client *”到“unsigned long”截断
F:\STAY8.19完美修复\Media.vcxproj\Source\Utils\w3c\w3c.cpp(1297,17): warning C4311: “reinterpret_cast”: 从“AsyncW3Client *”到“unsigned long”的指针截断
F:\STAY8.19完美修复\Media.vcxproj\Source\Utils\w3c\w3c.cpp(1297,17): warning C4302: “reinterpret_cast”: 从“AsyncW3Client *”到“unsigned long”截断
F:\STAY8.19完美修复\Media.vcxproj\Source\Utils\w3c\w3c.cpp(1355,77): warning C4311: “reinterpret_cast”: 从“AsyncW3Client *”到“unsigned long”的指针截断
F:\STAY8.19完美修复\Media.vcxproj\Source\Utils\w3c\w3c.cpp(1355,77): warning C4302: “reinterpret_cast”: 从“AsyncW3Client *”到“unsigned long”截断
F:\STAY8.19完美修复\Media.vcxproj\Source\Utils\w3c\w3c.cpp(1366,67): warning C4311: “reinterpret_cast”: 从“AsyncW3Client *”到“unsigned long”的指针截断
F:\STAY8.19完美修复\Media.vcxproj\Source\Utils\w3c\w3c.cpp(1366,67): warning C4302: “reinterpret_cast”: 从“AsyncW3Client *”到“unsigned long”截断
  正在生成代码...
